2025-11-13 11:49:57 [INFO] [api] ============================================================
2025-11-13 11:49:57 [INFO] [api] 📥 请求端点: /api/summarize-chapters
2025-11-13 11:49:57 [INFO] [api] 📦 请求数据: {'chapter_count': 1, 'chapters': [{'title': '001诡影一', 'length': 3654}]}
2025-11-13 11:49:57 [INFO] [api] ============================================================
2025-11-13 11:49:57 [INFO] [api] 📖 章节 1: 001诡影一 (3654 字符)
2025-11-13 11:49:57 [INFO] [api] 🤖 正在为第 1 章生成概括...
2025-11-13 11:50:13 [INFO] [api] ✅ 全部章节概括完成，总长度: 586 字符
2025-11-13 11:50:13 [INFO] [api] ✅ 响应端点: /api/summarize-chapters | 状态: 200
2025-11-13 11:50:13 [INFO] [api] 📦 响应数据: {'summary_length': 586}
2025-11-13 11:50:13 [INFO] [api] ============================================================

2025-11-13 11:53:30 [INFO] [api] ============================================================
2025-11-13 11:53:30 [INFO] [api] 📥 请求端点: /api/summarize-chapters
2025-11-13 11:53:30 [INFO] [api] 📦 请求数据: {'chapter_count': 1, 'chapters': [{'title': '001诡影一', 'length': 3654}]}
2025-11-13 11:53:30 [INFO] [api] ============================================================
2025-11-13 11:53:30 [INFO] [api] 📖 章节 1: 001诡影一 (3654 字符)
2025-11-13 11:53:30 [INFO] [api] 🤖 正在为第 1 章生成概括...
2025-11-13 11:53:45 [INFO] [api] ✅ 全部章节概括完成，总长度: 531 字符
2025-11-13 11:53:45 [INFO] [api] ✅ 响应端点: /api/summarize-chapters | 状态: 200
2025-11-13 11:53:45 [INFO] [api] 📦 响应数据: {'summary_length': 531}
2025-11-13 11:53:45 [INFO] [api] ============================================================

2025-11-13 12:05:26 [INFO] [api] ============================================================
2025-11-13 12:05:26 [INFO] [api] 📥 请求端点: /api/summarize-chapters
2025-11-13 12:05:26 [INFO] [api] 📦 请求数据: {'chapter_count': 1, 'chapters': [{'title': '001诡影一', 'length': 3654}]}
2025-11-13 12:05:26 [INFO] [api] ============================================================
2025-11-13 12:05:26 [INFO] [api] 📖 章节 1: 001诡影一 (3654 字符)
2025-11-13 12:05:26 [INFO] [api] 🤖 正在为第 1 章生成概括...
2025-11-13 12:05:42 [INFO] [api] ✅ 全部章节概括完成，总长度: 567 字符
2025-11-13 12:05:42 [INFO] [api] ✅ 响应端点: /api/summarize-chapters | 状态: 200
2025-11-13 12:05:42 [INFO] [api] 📦 响应数据: {'summary_length': 567}
2025-11-13 12:05:42 [INFO] [api] ============================================================

2025-11-13 12:06:12 [INFO] [api] ============================================================
2025-11-13 12:06:12 [INFO] [api] 📥 请求端点: /api/summarize-chapters
2025-11-13 12:06:12 [INFO] [api] 📦 请求数据: {'chapter_count': 1, 'chapters': [{'title': '001诡影一', 'length': 3654}]}
2025-11-13 12:06:12 [INFO] [api] ============================================================
2025-11-13 12:06:12 [INFO] [api] 📖 章节 1: 001诡影一 (3654 字符)
2025-11-13 12:06:12 [INFO] [api] 🤖 正在为第 1 章生成概括...
2025-11-13 12:06:29 [INFO] [api] ✅ 全部章节概括完成，总长度: 615 字符
2025-11-13 12:06:29 [INFO] [api] ✅ 响应端点: /api/summarize-chapters | 状态: 200
2025-11-13 12:06:29 [INFO] [api] 📦 响应数据: {'summary_length': 615}
2025-11-13 12:06:29 [INFO] [api] ============================================================

2025-11-13 12:08:25 [INFO] [api] ============================================================
2025-11-13 12:08:25 [INFO] [api] 📥 请求端点: /api/summarize-chapters
2025-11-13 12:08:25 [INFO] [api] 📦 请求数据: {'chapter_count': 1, 'chapters': [{'title': '001诡影一', 'length': 3654}]}
2025-11-13 12:08:25 [INFO] [api] ============================================================
2025-11-13 12:08:25 [INFO] [api] 📖 章节 1: 001诡影一 (3654 字符)
2025-11-13 12:08:25 [INFO] [api] 🤖 正在为第 1 章生成概括...
2025-11-13 12:08:41 [INFO] [api] ✅ 全部章节概括完成，总长度: 593 字符
2025-11-13 12:08:41 [INFO] [api] ✅ 响应端点: /api/summarize-chapters | 状态: 200
2025-11-13 12:08:41 [INFO] [api] 📦 响应数据: {'summary_length': 593}
2025-11-13 12:08:41 [INFO] [api] ============================================================

2025-11-13 12:09:44 [INFO] [api] ============================================================
2025-11-13 12:09:44 [INFO] [api] 📥 请求端点: /api/summarize-chapters
2025-11-13 12:09:44 [INFO] [api] 📦 请求数据: {'chapter_count': 3, 'chapters': [{'title': '001诡影一', 'length': 3654}, {'title': '002诡影二', 'length': 4017}, {'title': '003危险一', 'length': 3475}]}
2025-11-13 12:09:44 [INFO] [api] ============================================================
2025-11-13 12:09:44 [INFO] [api] 📖 章节 1: 001诡影一 (3654 字符)
2025-11-13 12:09:44 [INFO] [api] 📖 章节 2: 002诡影二 (4017 字符)
2025-11-13 12:09:44 [INFO] [api] 📖 章节 3: 003危险一 (3475 字符)
2025-11-13 12:09:44 [INFO] [api] 🤖 正在为第 1 章生成概括...
2025-11-13 12:10:00 [INFO] [api] 🤖 正在为第 2 章生成概括...
2025-11-13 12:10:14 [INFO] [api] 🤖 正在为第 3 章生成概括...
2025-11-13 12:10:30 [INFO] [api] ✅ 全部章节概括完成，总长度: 1590 字符
2025-11-13 12:10:30 [INFO] [api] ✅ 响应端点: /api/summarize-chapters | 状态: 200
2025-11-13 12:10:30 [INFO] [api] 📦 响应数据: {'summary_length': 1590}
2025-11-13 12:10:30 [INFO] [api] ============================================================

2025-11-13 12:18:03 [INFO] [api] ============================================================
2025-11-13 12:18:03 [INFO] [api] 📥 请求端点: /api/summarize-chapters
2025-11-13 12:18:03 [INFO] [api] 📦 请求数据: {'chapter_count': 3, 'chapters': [{'title': '001诡影一', 'length': 3654}, {'title': '002诡影二', 'length': 4017}, {'title': '003危险一', 'length': 3475}]}
2025-11-13 12:18:04 [INFO] [api] ============================================================
2025-11-13 12:18:04 [INFO] [api] 📖 章节 1: 001诡影一 (3654 字符)
2025-11-13 12:18:04 [INFO] [api] 📖 章节 2: 002诡影二 (4017 字符)
2025-11-13 12:18:04 [INFO] [api] 📖 章节 3: 003危险一 (3475 字符)
2025-11-13 12:18:04 [INFO] [api] 🤖 正在为第 1 章生成概括...
2025-11-13 12:18:19 [INFO] [api] 🤖 正在为第 2 章生成概括...
2025-11-13 12:18:32 [INFO] [api] 🤖 正在为第 3 章生成概括...
2025-11-13 12:18:48 [INFO] [api] ✅ 全部章节概括完成，总长度: 1652 字符
2025-11-13 12:18:48 [INFO] [api] ✅ 响应端点: /api/summarize-chapters | 状态: 200
2025-11-13 12:18:48 [INFO] [api] 📦 响应数据: {'summary_length': 1652}
2025-11-13 12:18:48 [INFO] [api] ============================================================

2025-11-13 12:33:38 [INFO] [api] ============================================================
2025-11-13 12:33:38 [INFO] [api] 📥 请求端点: /api/summarize-chapters
2025-11-13 12:33:38 [INFO] [api] 📦 请求数据: {'chapter_count': 3, 'chapters': [{'title': '001诡影一', 'length': 3654}, {'title': '002诡影二', 'length': 4017}, {'title': '003危险一', 'length': 3475}]}
2025-11-13 12:33:38 [INFO] [api] ============================================================
2025-11-13 12:33:38 [INFO] [api] 📖 章节 1: 001诡影一 (3654 字符)
2025-11-13 12:33:38 [INFO] [api] 📖 章节 2: 002诡影二 (4017 字符)
2025-11-13 12:33:38 [INFO] [api] 📖 章节 3: 003危险一 (3475 字符)
2025-11-13 12:33:38 [INFO] [api] 🤖 正在为第 1 章生成概括...
2025-11-13 12:33:54 [INFO] [api] 🤖 正在为第 2 章生成概括...
2025-11-13 12:34:07 [INFO] [api] 🤖 正在为第 3 章生成概括...
2025-11-13 12:34:28 [INFO] [api] ✅ 全部章节概括完成，总长度: 1827 字符
2025-11-13 12:34:28 [INFO] [api] ✅ 响应端点: /api/summarize-chapters | 状态: 200
2025-11-13 12:34:28 [INFO] [api] 📦 响应数据: {'summary_length': 1827}
2025-11-13 12:34:28 [INFO] [api] ============================================================

2025-11-13 12:43:00 [INFO] [api] ============================================================
2025-11-13 12:43:00 [INFO] [api] 📥 请求端点: /api/summarize-chapters
2025-11-13 12:43:00 [INFO] [api] 📦 请求数据: {'chapter_count': 3, 'chapters': [{'title': '001诡影一', 'length': 3654}, {'title': '002诡影二', 'length': 4017}, {'title': '003危险一', 'length': 3475}]}
2025-11-13 12:43:00 [INFO] [api] ============================================================
2025-11-13 12:43:00 [INFO] [api] 📖 章节 1: 001诡影一 (3654 字符)
2025-11-13 12:43:00 [INFO] [api] 📖 章节 2: 002诡影二 (4017 字符)
2025-11-13 12:43:00 [INFO] [api] 📖 章节 3: 003危险一 (3475 字符)
2025-11-13 12:43:00 [INFO] [api] 🤖 正在为第 1 章生成概括...
2025-11-13 12:43:14 [INFO] [api] 🤖 正在为第 2 章生成概括...
2025-11-13 12:43:28 [INFO] [api] 🤖 正在为第 3 章生成概括...
2025-11-13 12:43:45 [INFO] [api] ✅ 全部章节概括完成，总长度: 1703 字符
2025-11-13 12:43:45 [INFO] [api] ✅ 响应端点: /api/summarize-chapters | 状态: 200
2025-11-13 12:43:45 [INFO] [api] 📦 响应数据: {'summary_length': 1703}
2025-11-13 12:43:45 [INFO] [api] ============================================================

2025-11-13 12:56:18 [INFO] [api] ============================================================
2025-11-13 12:56:18 [INFO] [api] 📥 请求端点: /api/summarize-chapters
2025-11-13 12:56:18 [INFO] [api] 📦 请求数据: {'chapter_count': 3, 'chapters': [{'title': '001诡影一', 'length': 3654}, {'title': '002诡影二', 'length': 4017}, {'title': '003危险一', 'length': 3475}]}
2025-11-13 12:56:18 [INFO] [api] ============================================================
2025-11-13 12:56:18 [INFO] [api] 📖 章节 1: 001诡影一 (3654 字符)
2025-11-13 12:56:18 [INFO] [api] 📖 章节 2: 002诡影二 (4017 字符)
2025-11-13 12:56:18 [INFO] [api] 📖 章节 3: 003危险一 (3475 字符)
2025-11-13 12:56:18 [INFO] [api] 🤖 正在为第 1 章生成概括...
2025-11-13 12:56:33 [INFO] [api] 🤖 正在为第 2 章生成概括...
2025-11-13 12:56:45 [INFO] [api] 🤖 正在为第 3 章生成概括...
2025-11-13 12:56:59 [INFO] [api] ✅ 全部章节概括完成，总长度: 1598 字符
2025-11-13 12:56:59 [INFO] [api] ✅ 响应端点: /api/summarize-chapters | 状态: 200
2025-11-13 12:56:59 [INFO] [api] 📦 响应数据: {'summary_length': 1598}
2025-11-13 12:56:59 [INFO] [api] ============================================================

2025-11-14 11:04:36 [INFO] [api] ============================================================
2025-11-14 11:04:36 [INFO] [api] 📥 请求端点: /api/summarize-chapters
2025-11-14 11:04:36 [INFO] [api] 📦 请求数据: {'chapter_count': 2, 'chapters': [{'title': '001诡影一', 'length': 3654}, {'title': '002诡影二', 'length': 4017}]}
2025-11-14 11:04:36 [INFO] [api] ============================================================
2025-11-14 11:04:36 [INFO] [api] 📖 章节 1: 001诡影一 (3654 字符)
2025-11-14 11:04:36 [INFO] [api] 📖 章节 2: 002诡影二 (4017 字符)
2025-11-14 11:04:36 [INFO] [api] 🤖 正在为第 1 章生成概括...
2025-11-14 11:04:54 [INFO] [api] 🤖 正在为第 2 章生成概括...
2025-11-14 11:05:10 [INFO] [api] ✅ 全部章节概括完成，总长度: 1055 字符
2025-11-14 11:05:10 [INFO] [api] ✅ 响应端点: /api/summarize-chapters | 状态: 200
2025-11-14 11:05:10 [INFO] [api] 📦 响应数据: {'summary_length': 1055}
2025-11-14 11:05:10 [INFO] [api] ============================================================

2025-11-14 11:13:02 [INFO] [api] ============================================================
2025-11-14 11:13:02 [INFO] [api] 📥 请求端点: /api/summarize-chapters
2025-11-14 11:13:02 [INFO] [api] 📦 请求数据: {'chapter_count': 2, 'chapters': [{'title': '001诡影一', 'length': 3654}, {'title': '002诡影二', 'length': 4017}]}
2025-11-14 11:13:02 [INFO] [api] ============================================================
2025-11-14 11:13:02 [INFO] [api] 📖 章节 1: 001诡影一 (3654 字符)
2025-11-14 11:13:02 [INFO] [api] 📖 章节 2: 002诡影二 (4017 字符)
2025-11-14 11:13:02 [INFO] [api] 🤖 正在为第 1 章生成概括...
2025-11-14 11:13:18 [INFO] [api] 🤖 正在为第 2 章生成概括...
2025-11-14 11:13:32 [INFO] [api] ✅ 全部章节概括完成，总长度: 1077 字符
2025-11-14 11:13:32 [INFO] [api] ✅ 响应端点: /api/summarize-chapters | 状态: 200
2025-11-14 11:13:32 [INFO] [api] 📦 响应数据: {'summary_length': 1077}
2025-11-14 11:13:32 [INFO] [api] ============================================================

2025-11-14 11:24:55 [INFO] [api] ============================================================
2025-11-14 11:24:55 [INFO] [api] 📥 请求端点: /api/summarize-chapters
2025-11-14 11:24:55 [INFO] [api] 📦 请求数据: {'chapter_count': 2, 'chapters': [{'title': '001诡影一', 'length': 3654}, {'title': '002诡影二', 'length': 4017}]}
2025-11-14 11:24:55 [INFO] [api] ============================================================
2025-11-14 11:24:55 [INFO] [api] 📖 章节 1: 001诡影一 (3654 字符)
2025-11-14 11:24:55 [INFO] [api] 📖 章节 2: 002诡影二 (4017 字符)
2025-11-14 11:24:55 [INFO] [api] 🤖 正在为第 1 章生成概括...
2025-11-14 11:25:11 [INFO] [api] 🤖 正在为第 2 章生成概括...
2025-11-14 11:25:27 [INFO] [api] ✅ 全部章节概括完成，总长度: 1050 字符
2025-11-14 11:25:27 [INFO] [api] ✅ 响应端点: /api/summarize-chapters | 状态: 200
2025-11-14 11:25:27 [INFO] [api] 📦 响应数据: {'summary_length': 1050}
2025-11-14 11:25:27 [INFO] [api] ============================================================

2025-11-14 12:20:53 [INFO] [api] ============================================================
2025-11-14 12:20:53 [INFO] [api] 📥 请求端点: /api/summarize-chapters
2025-11-14 12:20:53 [INFO] [api] 📦 请求数据: {'chapter_count': 2, 'chapters': [{'title': '001诡影一', 'length': 3654}, {'title': '002诡影二', 'length': 4017}]}
2025-11-14 12:20:53 [INFO] [api] ============================================================
2025-11-14 12:20:53 [INFO] [api] 📖 章节 1: 001诡影一 (3654 字符)
2025-11-14 12:20:53 [INFO] [api] 📖 章节 2: 002诡影二 (4017 字符)
2025-11-14 12:20:53 [INFO] [api] 🤖 正在为第 1 章生成概括...
2025-11-14 12:21:07 [INFO] [api] 🤖 正在为第 2 章生成概括...
2025-11-14 12:21:20 [INFO] [api] ✅ 全部章节概括完成，总长度: 1086 字符
2025-11-14 12:21:20 [INFO] [api] ✅ 响应端点: /api/summarize-chapters | 状态: 200
2025-11-14 12:21:20 [INFO] [api] 📦 响应数据: {'summary_length': 1086}
2025-11-14 12:21:20 [INFO] [api] ============================================================

2025-11-14 12:40:31 [INFO] [api] ============================================================
2025-11-14 12:40:31 [INFO] [api] 📥 请求端点: /api/summarize-chapters
2025-11-14 12:40:31 [INFO] [api] 📦 请求数据: {'chapter_count': 2, 'chapters': [{'title': '001诡影一', 'length': 3654}, {'title': '002诡影二', 'length': 4017}]}
2025-11-14 12:40:31 [INFO] [api] ============================================================
2025-11-14 12:40:31 [INFO] [api] 📖 章节 1: 001诡影一 (3654 字符)
2025-11-14 12:40:31 [INFO] [api] 📖 章节 2: 002诡影二 (4017 字符)
2025-11-14 12:40:31 [INFO] [api] 🤖 正在为第 1 章生成概括...
2025-11-14 12:40:46 [INFO] [api] 🤖 正在为第 2 章生成概括...
2025-11-14 12:41:00 [INFO] [api] ✅ 全部章节概括完成，总长度: 1033 字符
2025-11-14 12:41:00 [INFO] [api] ✅ 响应端点: /api/summarize-chapters | 状态: 200
2025-11-14 12:41:00 [INFO] [api] 📦 响应数据: {'summary_length': 1033}
2025-11-14 12:41:00 [INFO] [api] ============================================================

2025-11-14 18:03:03 [INFO] [api] ============================================================
2025-11-14 18:03:03 [INFO] [api] 📥 请求端点: /api/summarize-chapters
2025-11-14 18:03:03 [INFO] [api] 📦 请求数据: {'chapter_count': 2, 'chapters': [{'title': '001诡影一', 'length': 3654}, {'title': '002诡影二', 'length': 4017}]}
2025-11-14 18:03:03 [INFO] [api] ============================================================
2025-11-14 18:03:03 [INFO] [api] 📖 章节 1: 001诡影一 (3654 字符)
2025-11-14 18:03:03 [INFO] [api] 📖 章节 2: 002诡影二 (4017 字符)
2025-11-14 18:03:03 [INFO] [api] 🤖 正在为第 1 章生成概括...
2025-11-14 18:03:21 [INFO] [api] 🤖 正在为第 2 章生成概括...
2025-11-14 18:03:34 [INFO] [api] ✅ 全部章节概括完成，总长度: 1048 字符
2025-11-14 18:03:34 [INFO] [api] ✅ 响应端点: /api/summarize-chapters | 状态: 200
2025-11-14 18:03:34 [INFO] [api] 📦 响应数据: {'summary_length': 1048}
2025-11-14 18:03:34 [INFO] [api] ============================================================

2025-11-15 11:37:37 [INFO] [api] ============================================================
2025-11-15 11:37:37 [INFO] [api] 📥 请求端点: /api/summarize-chapters
2025-11-15 11:37:37 [INFO] [api] 📦 请求数据: {'chapter_count': 3, 'chapters': [{'title': '001诡影一', 'length': 3654}, {'title': '002诡影二', 'length': 4017}, {'title': '003危险一', 'length': 3475}]}
2025-11-15 11:37:37 [INFO] [api] ============================================================
2025-11-15 11:37:37 [INFO] [api] 📖 章节 1: 001诡影一 (3654 字符)
2025-11-15 11:37:37 [INFO] [api] 📖 章节 2: 002诡影二 (4017 字符)
2025-11-15 11:37:37 [INFO] [api] 📖 章节 3: 003危险一 (3475 字符)
2025-11-15 11:37:37 [INFO] [api] 🤖 正在为第 1 章生成概括...
2025-11-15 11:37:51 [INFO] [api] 🤖 正在为第 2 章生成概括...
2025-11-15 11:38:04 [INFO] [api] 🤖 正在为第 3 章生成概括...
2025-11-15 11:38:20 [INFO] [api] ✅ 全部章节概括完成，总长度: 1662 字符
2025-11-15 11:38:20 [INFO] [api] ✅ 响应端点: /api/summarize-chapters | 状态: 200
2025-11-15 11:38:20 [INFO] [api] 📦 响应数据: {'summary_length': 1662}
2025-11-15 11:38:20 [INFO] [api] ============================================================

2025-11-15 18:02:08 [INFO] [api] ============================================================
2025-11-15 18:02:08 [INFO] [api] 📥 请求端点: /api/summarize-chapters
2025-11-15 18:02:08 [INFO] [api] 📦 请求数据: {'chapter_count': 3, 'chapters': [{'title': '001诡影一', 'length': 3654}, {'title': '002诡影二', 'length': 4017}, {'title': '003危险一', 'length': 3475}]}
2025-11-15 18:02:08 [INFO] [api] ============================================================
2025-11-15 18:02:08 [INFO] [api] 📖 章节 1: 001诡影一 (3654 字符)
2025-11-15 18:02:08 [INFO] [api] 📖 章节 2: 002诡影二 (4017 字符)
2025-11-15 18:02:08 [INFO] [api] 📖 章节 3: 003危险一 (3475 字符)
2025-11-15 18:02:08 [INFO] [api] 🤖 正在为第 1 章生成概括...
2025-11-15 18:02:22 [INFO] [api] 🤖 正在为第 2 章生成概括...
2025-11-15 18:02:34 [INFO] [api] 🤖 正在为第 3 章生成概括...
2025-11-15 18:02:51 [INFO] [api] ✅ 全部章节概括完成，总长度: 1636 字符
2025-11-15 18:02:51 [INFO] [api] ✅ 响应端点: /api/summarize-chapters | 状态: 200
2025-11-15 18:02:51 [INFO] [api] 📦 响应数据: {'summary_length': 1636}
2025-11-15 18:02:51 [INFO] [api] ============================================================

2025-11-15 18:29:00 [INFO] [api] ============================================================
2025-11-15 18:29:00 [INFO] [api] 📥 请求端点: /api/summarize-chapters
2025-11-15 18:29:00 [INFO] [api] 📦 请求数据: {'chapter_count': 3, 'chapters': [{'title': '001诡影一', 'length': 3654}, {'title': '002诡影二', 'length': 4017}, {'title': '003危险一', 'length': 3475}]}
2025-11-15 18:29:00 [INFO] [api] ============================================================
2025-11-15 18:29:00 [INFO] [api] 📖 章节 1: 001诡影一 (3654 字符)
2025-11-15 18:29:00 [INFO] [api] 📖 章节 2: 002诡影二 (4017 字符)
2025-11-15 18:29:00 [INFO] [api] 📖 章节 3: 003危险一 (3475 字符)
2025-11-15 18:29:00 [INFO] [api] 🤖 正在为第 1 章生成概括...
2025-11-15 18:29:15 [INFO] [api] 🤖 正在为第 2 章生成概括...
2025-11-15 18:29:22 [INFO] [api] ============================================================
2025-11-15 18:29:22 [INFO] [api] 📥 请求端点: /api/summarize-chapters
2025-11-15 18:29:22 [INFO] [api] 📦 请求数据: {'chapter_count': 3, 'chapters': [{'title': '001诡影一', 'length': 3654}, {'title': '002诡影二', 'length': 4017}, {'title': '003危险一', 'length': 3475}]}
2025-11-15 18:29:22 [INFO] [api] ============================================================
2025-11-15 18:29:22 [INFO] [api] 📖 章节 1: 001诡影一 (3654 字符)
2025-11-15 18:29:22 [INFO] [api] 📖 章节 2: 002诡影二 (4017 字符)
2025-11-15 18:29:22 [INFO] [api] 📖 章节 3: 003危险一 (3475 字符)
2025-11-15 18:29:22 [INFO] [api] 🤖 正在为第 1 章生成概括...
2025-11-15 18:29:28 [INFO] [api] 🤖 正在为第 3 章生成概括...
2025-11-15 18:29:35 [INFO] [api] 🤖 正在为第 2 章生成概括...
2025-11-15 18:29:44 [INFO] [api] ✅ 全部章节概括完成，总长度: 1647 字符
2025-11-15 18:29:44 [INFO] [api] ✅ 响应端点: /api/summarize-chapters | 状态: 200
2025-11-15 18:29:44 [INFO] [api] 📦 响应数据: {'summary_length': 1647}
2025-11-15 18:29:44 [INFO] [api] ============================================================

2025-11-15 18:29:48 [INFO] [api] 🤖 正在为第 3 章生成概括...
2025-11-15 18:30:01 [INFO] [api] ✅ 全部章节概括完成，总长度: 1480 字符
2025-11-15 18:30:01 [INFO] [api] ✅ 响应端点: /api/summarize-chapters | 状态: 200
2025-11-15 18:30:01 [INFO] [api] 📦 响应数据: {'summary_length': 1480}
2025-11-15 18:30:01 [INFO] [api] ============================================================

2025-11-15 23:49:31 [INFO] [api] ============================================================
2025-11-15 23:49:31 [INFO] [api] 📥 请求端点: /api/generate-with-analysis
2025-11-15 23:49:31 [INFO] [api] 📦 请求数据: {'prompt_length': 568, 'context_length': 12834, 'has_file_id': True}
2025-11-15 23:49:31 [INFO] [api] ============================================================
2025-11-15 23:49:31 [INFO] [api] 📝 收到生成请求
2025-11-15 23:49:31 [INFO] [api] 📄 提示词长度: 568 字符
2025-11-15 23:49:31 [INFO] [api] 📦 上下文长度: 12834 字符
2025-11-15 23:49:31 [INFO] [api] 💬 提示词前100字: 根据上面的章节剧情，我们来重新设计1到3章的剧情，也是按照每一章节给出，每章节约500字。

剧情设计必须遵守的准则
1 剧情要严格保留原有的故事线和人物线，只在后续的剧情设计思路中进行变更。
意思是...
2025-11-15 23:49:31 [INFO] [api] 🤔 正在分析用户意图...
2025-11-15 23:49:34 [INFO] [api] ✅ 意图识别结果: novel_generation
2025-11-15 23:49:34 [INFO] [api] 📚 创建上下文管理器 (意图: novel_generation)
2025-11-15 23:49:34 [INFO] [api] 📝 上下文设置完成
2025-11-15 23:49:34 [INFO] [api] 🤖 开始生成内容 (意图: novel_generation)
2025-11-15 23:49:38 [INFO] [api] ✅ 内容生成完成，长度: 13 字符
2025-11-15 23:50:42 [INFO] [api] ============================================================
2025-11-15 23:50:42 [INFO] [api] 📥 请求端点: /api/generate-with-analysis
2025-11-15 23:50:42 [INFO] [api] 📦 请求数据: {'prompt_length': 568, 'context_length': 12834, 'has_file_id': True}
2025-11-15 23:50:42 [INFO] [api] ============================================================
2025-11-15 23:50:42 [INFO] [api] 📝 收到生成请求
2025-11-15 23:50:42 [INFO] [api] 📄 提示词长度: 568 字符
2025-11-15 23:50:42 [INFO] [api] 📦 上下文长度: 12834 字符
2025-11-15 23:50:42 [INFO] [api] 💬 提示词前100字: 根据上面的章节剧情，我们来重新设计1到3章的剧情，也是按照每一章节给出，每章节约500字。

剧情设计必须遵守的准则
1 剧情要严格保留原有的故事线和人物线，只在后续的剧情设计思路中进行变更。
意思是...
2025-11-15 23:50:42 [INFO] [api] 🤔 正在分析用户意图...
2025-11-15 23:50:43 [INFO] [api] ✅ 意图识别结果: plot_design
2025-11-15 23:50:43 [INFO] [api] 📚 创建上下文管理器 (意图: plot_design)
2025-11-15 23:50:43 [INFO] [api] 📝 上下文设置完成
2025-11-15 23:50:43 [INFO] [api] 🤖 开始生成内容 (意图: plot_design)
2025-11-15 23:51:19 [INFO] [api] ✅ 内容生成完成，长度: 1452 字符
2025-11-16 11:25:23 [INFO] [api] ============================================================
2025-11-16 11:25:23 [INFO] [api] 📥 请求端点: /api/summarize-chapters
2025-11-16 11:25:23 [INFO] [api] 📦 请求数据: {'chapter_count': 3, 'chapters': [{'title': '001诡影一', 'length': 3654}, {'title': '002诡影二', 'length': 4017}, {'title': '003危险一', 'length': 3475}]}
2025-11-16 11:25:23 [INFO] [api] ============================================================
2025-11-16 11:25:23 [INFO] [api] 📖 章节 1: 001诡影一 (3654 字符)
2025-11-16 11:25:23 [INFO] [api] 📖 章节 2: 002诡影二 (4017 字符)
2025-11-16 11:25:23 [INFO] [api] 📖 章节 3: 003危险一 (3475 字符)
2025-11-16 11:25:23 [INFO] [api] 🤖 正在为第 1 章生成概括...
2025-11-16 11:25:38 [INFO] [api] 🤖 正在为第 2 章生成概括...
2025-11-16 11:25:51 [INFO] [api] 🤖 正在为第 3 章生成概括...
2025-11-16 11:26:07 [INFO] [api] ✅ 全部章节概括完成，总长度: 1682 字符
2025-11-16 11:26:07 [INFO] [api] ✅ 响应端点: /api/summarize-chapters | 状态: 200
2025-11-16 11:26:07 [INFO] [api] 📦 响应数据: {'summary_length': 1682}
2025-11-16 11:26:07 [INFO] [api] ============================================================

2025-11-16 11:28:48 [INFO] [api] ============================================================
2025-11-16 11:28:48 [INFO] [api] 📥 请求端点: /api/generate-with-analysis
2025-11-16 11:28:48 [INFO] [api] 📦 请求数据: {'prompt_length': 568, 'context_length': 12854, 'has_file_id': True}
2025-11-16 11:28:48 [INFO] [api] ============================================================
2025-11-16 11:28:48 [INFO] [api] 📝 收到生成请求
2025-11-16 11:28:48 [INFO] [api] 📄 提示词长度: 568 字符
2025-11-16 11:28:48 [INFO] [api] 📦 上下文长度: 12854 字符
2025-11-16 11:28:48 [INFO] [api] 💬 提示词前100字: 根据上面的章节剧情，我们来重新设计1到3章的剧情，也是按照每一章节给出，每章节约500字。

剧情设计必须遵守的准则
1 剧情要严格保留原有的故事线和人物线，只在后续的剧情设计思路中进行变更。
意思是...
2025-11-16 11:28:48 [INFO] [api] 🤔 正在分析用户意图...
2025-11-16 11:28:50 [INFO] [api] ✅ 意图识别结果: plot_design
2025-11-16 11:28:50 [INFO] [api] 📚 创建上下文管理器 (意图: plot_design)
2025-11-16 11:28:50 [INFO] [api] 📝 上下文设置完成
2025-11-16 11:28:50 [INFO] [api] 🤖 开始生成内容 (意图: plot_design)
2025-11-16 11:29:54 [INFO] [api] ✅ 内容生成完成，长度: 2560 字符
2025-11-16 11:36:12 [INFO] [api] ============================================================
2025-11-16 11:36:12 [INFO] [api] 📥 请求端点: /api/generate-with-analysis
2025-11-16 11:36:12 [INFO] [api] 📦 请求数据: {'prompt_length': 568, 'context_length': 12854, 'has_file_id': True}
2025-11-16 11:36:12 [INFO] [api] ============================================================
2025-11-16 11:36:12 [INFO] [api] 📝 收到生成请求
2025-11-16 11:36:12 [INFO] [api] 📄 提示词长度: 568 字符
2025-11-16 11:36:12 [INFO] [api] 📦 上下文长度: 12854 字符
2025-11-16 11:36:12 [INFO] [api] 💬 提示词前100字: 根据上面的章节剧情，我们来重新设计1到3章的剧情，也是按照每一章节给出，每章节约500字。

剧情设计必须遵守的准则
1 剧情要严格保留原有的故事线和人物线，只在后续的剧情设计思路中进行变更。
意思是...
2025-11-16 11:36:12 [INFO] [api] 🤔 正在分析用户意图...
2025-11-16 11:36:14 [INFO] [api] ✅ 意图识别结果: plot_design
2025-11-16 11:36:14 [INFO] [api] 📚 创建上下文管理器 (意图: plot_design)
2025-11-16 11:36:14 [INFO] [api] 📝 上下文设置完成
2025-11-16 11:36:14 [INFO] [api] 🤖 开始生成内容 (意图: plot_design)
2025-11-16 11:37:24 [INFO] [api] ✅ 内容生成完成，长度: 2922 字符
2025-11-16 11:42:37 [INFO] [api] ============================================================
2025-11-16 11:42:37 [INFO] [api] 📥 请求端点: /api/generate-with-analysis
2025-11-16 11:42:37 [INFO] [api] 📦 请求数据: {'prompt_length': 568, 'context_length': 12854, 'has_file_id': True}
2025-11-16 11:42:37 [INFO] [api] ============================================================
2025-11-16 11:42:37 [INFO] [api] 📝 收到生成请求
2025-11-16 11:42:37 [INFO] [api] 📄 提示词长度: 568 字符
2025-11-16 11:42:37 [INFO] [api] 📦 上下文长度: 12854 字符
2025-11-16 11:42:37 [INFO] [api] 💬 提示词前100字: 根据上面的章节剧情，我们来重新设计1到3章的剧情，也是按照每一章节给出，每章节约500字。

剧情设计必须遵守的准则
1 剧情要严格保留原有的故事线和人物线，只在后续的剧情设计思路中进行变更。
意思是...
2025-11-16 11:42:37 [INFO] [api] 🤔 正在分析用户意图...
2025-11-16 11:42:38 [INFO] [api] ✅ 意图识别结果: plot_design
2025-11-16 11:42:38 [INFO] [api] 📚 创建上下文管理器 (意图: plot_design)
2025-11-16 11:42:38 [INFO] [api] 📝 上下文设置完成
2025-11-16 11:42:38 [INFO] [api] 🤖 开始生成内容 (意图: plot_design)
2025-11-16 11:43:13 [INFO] [api] ✅ 内容生成完成，长度: 1386 字符
2025-11-16 11:44:33 [INFO] [api] ============================================================
2025-11-16 11:44:33 [INFO] [api] 📥 请求端点: /api/generate-with-analysis
2025-11-16 11:44:33 [INFO] [api] 📦 请求数据: {'prompt_length': 568, 'context_length': 12854, 'has_file_id': True}
2025-11-16 11:44:33 [INFO] [api] ============================================================
2025-11-16 11:44:33 [INFO] [api] 📝 收到生成请求
2025-11-16 11:44:33 [INFO] [api] 📄 提示词长度: 568 字符
2025-11-16 11:44:33 [INFO] [api] 📦 上下文长度: 12854 字符
2025-11-16 11:44:33 [INFO] [api] 💬 提示词前100字: 根据上面的章节剧情，我们来重新设计1到3章的剧情，也是按照每一章节给出，每章节约500字。

剧情设计必须遵守的准则
1 剧情要严格保留原有的故事线和人物线，只在后续的剧情设计思路中进行变更。
意思是...
2025-11-16 11:44:33 [INFO] [api] 🤔 正在分析用户意图...
2025-11-16 11:44:34 [INFO] [api] ✅ 意图识别结果: plot_design
2025-11-16 11:44:34 [INFO] [api] 📚 创建上下文管理器 (意图: plot_design)
2025-11-16 11:44:34 [INFO] [api] 📝 上下文设置完成
2025-11-16 11:44:34 [INFO] [api] 🤖 开始生成内容 (意图: plot_design)
2025-11-16 11:45:25 [INFO] [api] ✅ 内容生成完成，长度: 2119 字符
2025-11-16 11:48:49 [INFO] [api] ============================================================
2025-11-16 11:48:49 [INFO] [api] 📥 请求端点: /api/generate-with-analysis
2025-11-16 11:48:49 [INFO] [api] 📦 请求数据: {'prompt_length': 594, 'context_length': 12854, 'has_file_id': True}
2025-11-16 11:48:49 [INFO] [api] ============================================================
2025-11-16 11:48:49 [INFO] [api] 📝 收到生成请求
2025-11-16 11:48:49 [INFO] [api] 📄 提示词长度: 594 字符
2025-11-16 11:48:49 [INFO] [api] 📦 上下文长度: 12854 字符
2025-11-16 11:48:49 [INFO] [api] 💬 提示词前100字: 根据上面的章节剧情，我们来重新设计1到3章的剧情，也是按照每一章节给出，每章节约500字。

剧情设计必须遵守的准则
1 剧情要严格保留原有的故事线和人物线，只在后续的剧情设计思路中进行变更。
意思是...
2025-11-16 11:48:49 [INFO] [api] 🤔 正在分析用户意图...
2025-11-16 11:48:50 [INFO] [api] ✅ 意图识别结果: plot_design
2025-11-16 11:48:50 [INFO] [api] 📚 创建上下文管理器 (意图: plot_design)
2025-11-16 11:48:50 [INFO] [api] 📝 上下文设置完成
2025-11-16 11:48:50 [INFO] [api] 🤖 开始生成内容 (意图: plot_design)
2025-11-16 11:49:22 [INFO] [api] ✅ 内容生成完成，长度: 1318 字符
2025-11-16 11:53:48 [INFO] [api] ============================================================
2025-11-16 11:53:48 [INFO] [api] 📥 请求端点: /api/generate-with-analysis
2025-11-16 11:53:48 [INFO] [api] 📦 请求数据: {'prompt_length': 626, 'context_length': 12854, 'has_file_id': True}
2025-11-16 11:53:48 [INFO] [api] ============================================================
2025-11-16 11:53:48 [INFO] [api] 📝 收到生成请求
2025-11-16 11:53:48 [INFO] [api] 📄 提示词长度: 626 字符
2025-11-16 11:53:48 [INFO] [api] 📦 上下文长度: 12854 字符
2025-11-16 11:53:48 [INFO] [api] 💬 提示词前100字: 根据上面的章节剧情，我们来重新设计1到3章的剧情，也是按照每一章节给出，每章节约500字。

剧情设计必须遵守的准则
1 剧情要严格保留原有的故事线和人物线，只在后续的剧情设计思路中进行变更。
意思是...
2025-11-16 11:53:48 [INFO] [api] 🤔 正在分析用户意图...
2025-11-16 11:53:49 [INFO] [api] ✅ 意图识别结果: plot_design
2025-11-16 11:53:49 [INFO] [api] 📚 创建上下文管理器 (意图: plot_design)
2025-11-16 11:53:49 [INFO] [api] 📝 上下文设置完成
2025-11-16 11:53:49 [INFO] [api] 🤖 开始生成内容 (意图: plot_design)
2025-11-16 11:54:18 [INFO] [api] ✅ 内容生成完成，长度: 1187 字符
2025-11-16 12:31:06 [INFO] [api] ============================================================
2025-11-16 12:31:06 [INFO] [api] 📥 请求端点: /api/summarize-chapters
2025-11-16 12:31:06 [INFO] [api] 📦 请求数据: {'chapter_count': 3, 'chapters': [{'title': '004危险二', 'length': 3268}, {'title': '005危险三', 'length': 3224}, {'title': '006危险四', 'length': 3471}]}
2025-11-16 12:31:06 [INFO] [api] ============================================================
2025-11-16 12:31:06 [INFO] [api] 📖 章节 1: 004危险二 (3268 字符)
2025-11-16 12:31:06 [INFO] [api] 📖 章节 2: 005危险三 (3224 字符)
2025-11-16 12:31:06 [INFO] [api] 📖 章节 3: 006危险四 (3471 字符)
2025-11-16 12:31:06 [INFO] [api] 🤖 正在为第 1 章生成概括...
2025-11-16 12:31:19 [INFO] [api] 🤖 正在为第 2 章生成概括...
2025-11-16 12:31:36 [INFO] [api] 🤖 正在为第 3 章生成概括...
2025-11-16 12:31:51 [INFO] [api] ✅ 全部章节概括完成，总长度: 1696 字符
2025-11-16 12:31:51 [INFO] [api] ✅ 响应端点: /api/summarize-chapters | 状态: 200
2025-11-16 12:31:51 [INFO] [api] 📦 响应数据: {'summary_length': 1696}
2025-11-16 12:31:51 [INFO] [api] ============================================================

2025-11-16 12:33:52 [INFO] [api] ============================================================
2025-11-16 12:33:52 [INFO] [api] 📥 请求端点: /api/generate-with-analysis
2025-11-16 12:33:52 [INFO] [api] 📦 请求数据: {'prompt_length': 626, 'context_length': 1656, 'has_file_id': True}
2025-11-16 12:33:52 [INFO] [api] ============================================================
2025-11-16 12:33:52 [INFO] [api] 📝 收到生成请求
2025-11-16 12:33:52 [INFO] [api] 📄 提示词长度: 626 字符
2025-11-16 12:33:52 [INFO] [api] 📦 上下文长度: 1656 字符
2025-11-16 12:33:52 [INFO] [api] 💬 提示词前100字: 根据上面的章节剧情，我们来重新设计4到6章的剧情，也是按照每一章节给出，每章节约500字。

剧情设计必须遵守的准则
1 剧情要严格保留原有的故事线和人物线，只在后续的剧情设计思路中进行变更。
意思是...
2025-11-16 12:33:52 [INFO] [api] 🤔 正在分析用户意图...
2025-11-16 12:33:54 [INFO] [api] ✅ 意图识别结果: plot_design
2025-11-16 12:33:54 [INFO] [api] 📚 创建上下文管理器 (意图: plot_design)
2025-11-16 12:33:54 [INFO] [api] 📝 上下文设置完成
2025-11-16 12:33:54 [INFO] [api] 🤖 开始生成内容 (意图: plot_design)
2025-11-16 12:34:30 [INFO] [api] ✅ 内容生成完成，长度: 1466 字符
2025-11-16 12:43:39 [INFO] [api] ============================================================
2025-11-16 12:43:39 [INFO] [api] 📥 请求端点: /api/summarize-chapters
2025-11-16 12:43:39 [INFO] [api] 📦 请求数据: {'chapter_count': 3, 'chapters': [{'title': '004危险二', 'length': 3268}, {'title': '005危险三', 'length': 3224}, {'title': '006危险四', 'length': 3471}]}
2025-11-16 12:43:39 [INFO] [api] ============================================================
2025-11-16 12:43:39 [INFO] [api] 📖 章节 1: 004危险二 (3268 字符)
2025-11-16 12:43:39 [INFO] [api] 📖 章节 2: 005危险三 (3224 字符)
2025-11-16 12:43:39 [INFO] [api] 📖 章节 3: 006危险四 (3471 字符)
2025-11-16 12:43:39 [INFO] [api] 🤖 正在为第 1 章生成概括...
2025-11-16 12:43:52 [INFO] [api] 🤖 正在为第 2 章生成概括...
2025-11-16 12:44:06 [INFO] [api] 🤖 正在为第 3 章生成概括...
2025-11-16 12:44:22 [INFO] [api] ✅ 全部章节概括完成，总长度: 1618 字符
2025-11-16 12:44:22 [INFO] [api] ✅ 响应端点: /api/summarize-chapters | 状态: 200
2025-11-16 12:44:22 [INFO] [api] 📦 响应数据: {'summary_length': 1618}
2025-11-16 12:44:22 [INFO] [api] ============================================================

2025-11-16 17:55:23 [INFO] [api] ============================================================
2025-11-16 17:55:23 [INFO] [api] 📥 请求端点: /api/generate-with-analysis
2025-11-16 17:55:23 [INFO] [api] 📦 请求数据: {'prompt_length': 626, 'context_length': 1656, 'has_file_id': True}
2025-11-16 17:55:23 [INFO] [api] ============================================================
2025-11-16 17:55:23 [INFO] [api] 📝 收到生成请求
2025-11-16 17:55:23 [INFO] [api] 📄 提示词长度: 626 字符
2025-11-16 17:55:23 [INFO] [api] 📦 上下文长度: 1656 字符
2025-11-16 17:55:23 [INFO] [api] 💬 提示词前100字: 根据上面的章节剧情，我们来重新设计4到6章的剧情，也是按照每一章节给出，每章节约500字。

剧情设计必须遵守的准则
1 剧情要严格保留原有的故事线和人物线，只在后续的剧情设计思路中进行变更。
意思是...
2025-11-16 17:55:23 [INFO] [api] 🤔 正在分析用户意图...
2025-11-16 17:55:25 [INFO] [api] ✅ 意图识别结果: plot_design
2025-11-16 17:55:25 [INFO] [api] 📚 创建上下文管理器 (意图: plot_design)
2025-11-16 17:55:25 [INFO] [api] 📝 上下文设置完成
2025-11-16 17:55:25 [INFO] [api] 🤖 开始生成内容 (意图: plot_design)
2025-11-16 17:56:01 [INFO] [api] ✅ 内容生成完成，长度: 1412 字符
2025-11-16 18:18:47 [INFO] [api] ============================================================
2025-11-16 18:18:47 [INFO] [api] 📥 请求端点: /api/generate-with-analysis
2025-11-16 18:18:47 [INFO] [api] 📦 请求数据: {'prompt_length': 626, 'context_length': 1656, 'has_file_id': True}
2025-11-16 18:18:47 [INFO] [api] ============================================================
2025-11-16 18:18:47 [INFO] [api] 📝 收到生成请求
2025-11-16 18:18:47 [INFO] [api] 📄 提示词长度: 626 字符
2025-11-16 18:18:47 [INFO] [api] 📦 上下文长度: 1656 字符
2025-11-16 18:18:47 [INFO] [api] 💬 提示词前100字: 根据上面的章节剧情，我们来重新设计4到6章的剧情，也是按照每一章节给出，每章节约500字。

剧情设计必须遵守的准则
1 剧情要严格保留原有的故事线和人物线，只在后续的剧情设计思路中进行变更。
意思是...
2025-11-16 18:18:47 [INFO] [api] 🤔 正在分析用户意图...
2025-11-16 18:18:49 [INFO] [api] ✅ 意图识别结果: plot_design
2025-11-16 18:18:49 [INFO] [api] 📚 创建上下文管理器 (意图: plot_design)
2025-11-16 18:18:49 [INFO] [api] 📝 上下文设置完成
2025-11-16 18:18:49 [INFO] [api] 🤖 开始生成内容 (意图: plot_design)
2025-11-16 18:19:27 [INFO] [api] ✅ 内容生成完成，长度: 1489 字符
2025-11-16 18:30:15 [INFO] [api] ============================================================
2025-11-16 18:30:15 [INFO] [api] 📥 请求端点: /api/generate-with-analysis
2025-11-16 18:30:15 [INFO] [api] 📦 请求数据: {'prompt_length': 2, 'context_length': 10022, 'has_file_id': True}
2025-11-16 18:30:15 [INFO] [api] ============================================================
2025-11-16 18:30:15 [INFO] [api] 📝 收到生成请求
2025-11-16 18:30:15 [INFO] [api] 📄 提示词长度: 2 字符
2025-11-16 18:30:15 [INFO] [api] 📦 上下文长度: 10022 字符
2025-11-16 18:30:15 [INFO] [api] 💬 提示词前100字: 你好...
2025-11-16 18:30:15 [INFO] [api] 🤔 正在分析用户意图...
2025-11-16 18:30:17 [INFO] [api] ✅ 意图识别结果: chat
2025-11-16 18:30:17 [INFO] [api] 💬 识别为普通对话，调用闲聊功能
2025-11-16 18:30:18 [INFO] [api] ✅ 对话生成完成，长度: 21 字符
2025-11-16 18:30:18 [INFO] [api] ✅ 响应端点: /api/generate-with-analysis | 状态: 200
2025-11-16 18:30:18 [INFO] [api] 📦 响应数据: {'is_chat': True, 'response_length': 21}
2025-11-16 18:30:18 [INFO] [api] ============================================================

2025-11-16 18:33:24 [INFO] [api] ============================================================
2025-11-16 18:33:24 [INFO] [api] 📥 请求端点: /api/summarize-chapters
2025-11-16 18:33:24 [INFO] [api] 📦 请求数据: {'chapter_count': 3, 'chapters': [{'title': '004危险二', 'length': 3268}, {'title': '005危险三', 'length': 3224}, {'title': '006危险四', 'length': 3471}]}
2025-11-16 18:33:24 [INFO] [api] ============================================================
2025-11-16 18:33:24 [INFO] [api] 📖 章节 1: 004危险二 (3268 字符)
2025-11-16 18:33:24 [INFO] [api] 📖 章节 2: 005危险三 (3224 字符)
2025-11-16 18:33:24 [INFO] [api] 📖 章节 3: 006危险四 (3471 字符)
2025-11-16 18:33:24 [INFO] [api] 🤖 正在为第 1 章生成概括...
2025-11-16 18:33:37 [INFO] [api] 🤖 正在为第 2 章生成概括...
2025-11-16 18:33:53 [INFO] [api] 🤖 正在为第 3 章生成概括...
2025-11-16 18:34:12 [INFO] [api] ✅ 全部章节概括完成，总长度: 1806 字符
2025-11-16 18:34:12 [INFO] [api] ✅ 响应端点: /api/summarize-chapters | 状态: 200
2025-11-16 18:34:12 [INFO] [api] 📦 响应数据: {'summary_length': 1806}
2025-11-16 18:34:12 [INFO] [api] ============================================================

2025-11-17 10:26:21 [INFO] [api] ============================================================
2025-11-17 10:26:21 [INFO] [api] 📥 请求端点: /api/summarize-chapters
2025-11-17 10:26:21 [INFO] [api] 📦 请求数据: {'chapter_count': 3, 'chapters': [{'title': '004危险二', 'length': 3268}, {'title': '005危险三', 'length': 3224}, {'title': '006危险四', 'length': 3471}]}
2025-11-17 10:26:21 [INFO] [api] ============================================================
2025-11-17 10:26:21 [INFO] [api] 📖 章节 1: 004危险二 (3268 字符)
2025-11-17 10:26:21 [INFO] [api] 📖 章节 2: 005危险三 (3224 字符)
2025-11-17 10:26:21 [INFO] [api] 📖 章节 3: 006危险四 (3471 字符)
2025-11-17 10:26:21 [INFO] [api] 🤖 正在为第 1 章生成概括...
2025-11-17 10:26:33 [INFO] [api] 🤖 正在为第 2 章生成概括...
2025-11-17 10:26:45 [INFO] [api] 🤖 正在为第 3 章生成概括...
2025-11-17 10:26:45 [INFO] [api] ✅ 全部章节概括完成，总长度: 87 字符
2025-11-17 10:26:45 [INFO] [api] ✅ 响应端点: /api/summarize-chapters | 状态: 200
2025-11-17 10:26:45 [INFO] [api] 📦 响应数据: {'summary_length': 87}
2025-11-17 10:26:45 [INFO] [api] ============================================================

2025-11-17 10:49:07 [INFO] [api] ============================================================
2025-11-17 10:49:07 [INFO] [api] 📥 请求端点: /api/summarize-chapters
2025-11-17 10:49:07 [INFO] [api] 📦 请求数据: {'chapter_count': 3, 'chapters': [{'title': '001诡影一', 'length': 3654}, {'title': '002诡影二', 'length': 4017}, {'title': '003危险一', 'length': 3475}]}
2025-11-17 10:49:07 [INFO] [api] ============================================================
2025-11-17 10:49:07 [INFO] [api] 📖 章节 1: 001诡影一 (3654 字符)
2025-11-17 10:49:07 [INFO] [api] 📖 章节 2: 002诡影二 (4017 字符)
2025-11-17 10:49:07 [INFO] [api] 📖 章节 3: 003危险一 (3475 字符)
2025-11-17 10:49:07 [INFO] [api] 🤖 正在为第 1 章生成概括...
2025-11-17 10:49:25 [INFO] [api] 🤖 正在为第 2 章生成概括...
2025-11-17 10:49:42 [INFO] [api] 🤖 正在为第 3 章生成概括...
2025-11-17 10:50:01 [INFO] [api] ✅ 全部章节概括完成，总长度: 1783 字符
2025-11-17 10:50:01 [INFO] [api] ✅ 响应端点: /api/summarize-chapters | 状态: 200
2025-11-17 10:50:01 [INFO] [api] 📦 响应数据: {'summary_length': 1783}
2025-11-17 10:50:01 [INFO] [api] ============================================================

2025-11-17 10:51:07 [INFO] [api] ============================================================
2025-11-17 10:51:07 [INFO] [api] 📥 请求端点: /api/summarize-chapters
2025-11-17 10:51:07 [INFO] [api] 📦 请求数据: {'chapter_count': 3, 'chapters': [{'title': '001诡影一', 'length': 3654}, {'title': '002诡影二', 'length': 4017}, {'title': '003危险一', 'length': 3475}]}
2025-11-17 10:51:07 [INFO] [api] ============================================================
2025-11-17 10:51:07 [INFO] [api] 📖 章节 1: 001诡影一 (3654 字符)
2025-11-17 10:51:07 [INFO] [api] 📖 章节 2: 002诡影二 (4017 字符)
2025-11-17 10:51:07 [INFO] [api] 📖 章节 3: 003危险一 (3475 字符)
2025-11-17 10:51:07 [INFO] [api] 🤖 正在为第 1 章生成概括...
2025-11-17 10:51:22 [INFO] [api] 🤖 正在为第 2 章生成概括...
2025-11-17 10:51:38 [INFO] [api] 🤖 正在为第 3 章生成概括...
2025-11-17 10:51:56 [INFO] [api] ✅ 全部章节概括完成，总长度: 1558 字符
2025-11-17 10:51:56 [INFO] [api] ✅ 响应端点: /api/summarize-chapters | 状态: 200
2025-11-17 10:51:56 [INFO] [api] 📦 响应数据: {'summary_length': 1558}
2025-11-17 10:51:56 [INFO] [api] ============================================================

2025-11-17 11:12:19 [INFO] [api] ============================================================
2025-11-17 11:12:19 [INFO] [api] 📥 请求端点: /api/summarize-chapters
2025-11-17 11:12:19 [INFO] [api] 📦 请求数据: {'chapter_count': 3, 'chapters': [{'title': '001诡影一', 'length': 3654}, {'title': '002诡影二', 'length': 4017}, {'title': '003危险一', 'length': 3475}]}
2025-11-17 11:12:19 [INFO] [api] ============================================================
2025-11-17 11:12:19 [INFO] [api] 📖 章节 1: 001诡影一 (3654 字符)
2025-11-17 11:12:19 [INFO] [api] 📖 章节 2: 002诡影二 (4017 字符)
2025-11-17 11:12:19 [INFO] [api] 📖 章节 3: 003危险一 (3475 字符)
2025-11-17 11:12:19 [INFO] [api] 🤖 正在为第 1 章生成概括...
2025-11-17 11:12:54 [INFO] [api] ============================================================
2025-11-17 11:12:54 [INFO] [api] 📥 请求端点: /api/summarize-chapters
2025-11-17 11:12:54 [INFO] [api] 📦 请求数据: {'chapter_count': 3, 'chapters': [{'title': '001诡影一', 'length': 3654}, {'title': '002诡影二', 'length': 4017}, {'title': '003危险一', 'length': 3475}]}
2025-11-17 11:12:54 [INFO] [api] ============================================================
2025-11-17 11:12:54 [INFO] [api] 📖 章节 1: 001诡影一 (3654 字符)
2025-11-17 11:12:54 [INFO] [api] 📖 章节 2: 002诡影二 (4017 字符)
2025-11-17 11:12:54 [INFO] [api] 📖 章节 3: 003危险一 (3475 字符)
2025-11-17 11:12:54 [INFO] [api] 🤖 正在为第 1 章生成概括...
2025-11-17 11:13:09 [INFO] [api] 🤖 正在为第 2 章生成概括...
2025-11-17 11:13:20 [INFO] [api] 🤖 正在为第 3 章生成概括...
2025-11-17 11:13:37 [INFO] [api] ✅ 全部章节概括完成，总长度: 1640 字符
2025-11-17 11:13:37 [INFO] [api] ✅ 响应端点: /api/summarize-chapters | 状态: 200
2025-11-17 11:13:37 [INFO] [api] 📦 响应数据: {'summary_length': 1640}
2025-11-17 11:13:37 [INFO] [api] ============================================================

2025-11-17 11:17:30 [INFO] [api] ============================================================
2025-11-17 11:17:30 [INFO] [api] 📥 请求端点: /api/summarize-chapters
2025-11-17 11:17:30 [INFO] [api] 📦 请求数据: {'chapter_count': 3, 'chapters': [{'title': '001诡影一', 'length': 3654}, {'title': '002诡影二', 'length': 4017}, {'title': '003危险一', 'length': 3475}]}
2025-11-17 11:17:30 [INFO] [api] ============================================================
2025-11-17 11:17:30 [INFO] [api] 📖 章节 1: 001诡影一 (3654 字符)
2025-11-17 11:17:30 [INFO] [api] 📖 章节 2: 002诡影二 (4017 字符)
2025-11-17 11:17:30 [INFO] [api] 📖 章节 3: 003危险一 (3475 字符)
2025-11-17 11:17:30 [INFO] [api] 🤖 正在为第 1 章生成概括...
2025-11-17 11:17:47 [INFO] [api] 🤖 正在为第 2 章生成概括...
2025-11-17 11:18:03 [INFO] [api] 🤖 正在为第 3 章生成概括...
2025-11-17 11:18:07 [INFO] [api] ============================================================
2025-11-17 11:18:07 [INFO] [api] 📥 请求端点: /api/summarize-chapters
2025-11-17 11:18:07 [INFO] [api] 📦 请求数据: {'chapter_count': 3, 'chapters': [{'title': '001诡影一', 'length': 3654}, {'title': '002诡影二', 'length': 4017}, {'title': '003危险一', 'length': 3475}]}
2025-11-17 11:18:07 [INFO] [api] ============================================================
2025-11-17 11:18:07 [INFO] [api] 📖 章节 1: 001诡影一 (3654 字符)
2025-11-17 11:18:07 [INFO] [api] 📖 章节 2: 002诡影二 (4017 字符)
2025-11-17 11:18:07 [INFO] [api] 📖 章节 3: 003危险一 (3475 字符)
2025-11-17 11:18:07 [INFO] [api] 🤖 正在为第 1 章生成概括...
2025-11-17 11:18:23 [INFO] [api] ✅ 全部章节概括完成，总长度: 1713 字符
2025-11-17 11:18:23 [INFO] [api] ✅ 响应端点: /api/summarize-chapters | 状态: 200
2025-11-17 11:18:23 [INFO] [api] 📦 响应数据: {'summary_length': 1713}
2025-11-17 11:18:24 [INFO] [api] ============================================================

2025-11-17 11:18:24 [INFO] [api] 🤖 正在为第 2 章生成概括...
2025-11-17 11:18:40 [INFO] [api] 🤖 正在为第 3 章生成概括...
2025-11-17 11:19:02 [INFO] [api] ✅ 全部章节概括完成，总长度: 1718 字符
2025-11-17 11:19:02 [INFO] [api] ✅ 响应端点: /api/summarize-chapters | 状态: 200
2025-11-17 11:19:02 [INFO] [api] 📦 响应数据: {'summary_length': 1718}
2025-11-17 11:19:02 [INFO] [api] ============================================================

2025-11-17 11:20:14 [INFO] [api] ============================================================
2025-11-17 11:20:14 [INFO] [api] 📥 请求端点: /api/summarize-chapters
2025-11-17 11:20:14 [INFO] [api] 📦 请求数据: {'chapter_count': 3, 'chapters': [{'title': '001诡影一', 'length': 3654}, {'title': '002诡影二', 'length': 4017}, {'title': '003危险一', 'length': 3475}]}
2025-11-17 11:20:14 [INFO] [api] ============================================================
2025-11-17 11:20:14 [INFO] [api] 📖 章节 1: 001诡影一 (3654 字符)
2025-11-17 11:20:14 [INFO] [api] 📖 章节 2: 002诡影二 (4017 字符)
2025-11-17 11:20:14 [INFO] [api] 📖 章节 3: 003危险一 (3475 字符)
2025-11-17 11:20:14 [INFO] [api] 🤖 正在为第 1 章生成概括...
2025-11-17 11:20:31 [INFO] [api] 🤖 正在为第 2 章生成概括...
2025-11-17 11:20:38 [INFO] [api] ============================================================
2025-11-17 11:20:38 [INFO] [api] 📥 请求端点: /api/summarize-chapters
2025-11-17 11:20:38 [INFO] [api] 📦 请求数据: {'chapter_count': 3, 'chapters': [{'title': '001诡影一', 'length': 3654}, {'title': '002诡影二', 'length': 4017}, {'title': '003危险一', 'length': 3475}]}
2025-11-17 11:20:38 [INFO] [api] ============================================================
2025-11-17 11:20:38 [INFO] [api] 📖 章节 1: 001诡影一 (3654 字符)
2025-11-17 11:20:38 [INFO] [api] 📖 章节 2: 002诡影二 (4017 字符)
2025-11-17 11:20:38 [INFO] [api] 📖 章节 3: 003危险一 (3475 字符)
2025-11-17 11:20:38 [INFO] [api] 🤖 正在为第 1 章生成概括...
2025-11-17 11:20:44 [INFO] [api] 🤖 正在为第 3 章生成概括...
2025-11-17 11:20:56 [INFO] [api] 🤖 正在为第 2 章生成概括...
2025-11-17 11:21:07 [INFO] [api] ✅ 全部章节概括完成，总长度: 1754 字符
2025-11-17 11:21:07 [INFO] [api] ✅ 响应端点: /api/summarize-chapters | 状态: 200
2025-11-17 11:21:07 [INFO] [api] 📦 响应数据: {'summary_length': 1754}
2025-11-17 11:21:07 [INFO] [api] ============================================================

2025-11-17 11:21:11 [INFO] [api] 🤖 正在为第 3 章生成概括...
2025-11-17 11:21:32 [INFO] [api] ✅ 全部章节概括完成，总长度: 1746 字符
2025-11-17 11:21:32 [INFO] [api] ✅ 响应端点: /api/summarize-chapters | 状态: 200
2025-11-17 11:21:32 [INFO] [api] 📦 响应数据: {'summary_length': 1746}
2025-11-17 11:21:32 [INFO] [api] ============================================================

2025-11-17 11:22:55 [INFO] [api] ============================================================
2025-11-17 11:22:55 [INFO] [api] 📥 请求端点: /api/summarize-chapters
2025-11-17 11:22:55 [INFO] [api] 📦 请求数据: {'chapter_count': 3, 'chapters': [{'title': '001诡影一', 'length': 3654}, {'title': '002诡影二', 'length': 4017}, {'title': '003危险一', 'length': 3475}]}
2025-11-17 11:22:55 [INFO] [api] ============================================================
2025-11-17 11:22:55 [INFO] [api] 📖 章节 1: 001诡影一 (3654 字符)
2025-11-17 11:22:55 [INFO] [api] 📖 章节 2: 002诡影二 (4017 字符)
2025-11-17 11:22:55 [INFO] [api] 📖 章节 3: 003危险一 (3475 字符)
2025-11-17 11:22:55 [INFO] [api] 🤖 正在为第 1 章生成概括...
2025-11-17 11:23:03 [INFO] [api] ============================================================
2025-11-17 11:23:03 [INFO] [api] 📥 请求端点: /api/summarize-chapters
2025-11-17 11:23:03 [INFO] [api] 📦 请求数据: {'chapter_count': 3, 'chapters': [{'title': '001诡影一', 'length': 3654}, {'title': '002诡影二', 'length': 4017}, {'title': '003危险一', 'length': 3475}]}
2025-11-17 11:23:03 [INFO] [api] ============================================================
2025-11-17 11:23:03 [INFO] [api] 📖 章节 1: 001诡影一 (3654 字符)
2025-11-17 11:23:03 [INFO] [api] 📖 章节 2: 002诡影二 (4017 字符)
2025-11-17 11:23:03 [INFO] [api] 📖 章节 3: 003危险一 (3475 字符)
2025-11-17 11:23:03 [INFO] [api] 🤖 正在为第 1 章生成概括...
2025-11-17 11:23:12 [INFO] [api] 🤖 正在为第 2 章生成概括...
2025-11-17 11:23:21 [INFO] [api] 🤖 正在为第 2 章生成概括...
2025-11-17 11:23:27 [INFO] [api] 🤖 正在为第 3 章生成概括...
2025-11-17 11:23:38 [INFO] [api] 🤖 正在为第 3 章生成概括...
2025-11-17 11:23:46 [INFO] [api] ✅ 全部章节概括完成，总长度: 1702 字符
2025-11-17 11:23:46 [INFO] [api] ✅ 响应端点: /api/summarize-chapters | 状态: 200
2025-11-17 11:23:46 [INFO] [api] 📦 响应数据: {'summary_length': 1702}
2025-11-17 11:23:46 [INFO] [api] ============================================================

2025-11-17 11:23:55 [INFO] [api] ✅ 全部章节概括完成，总长度: 1806 字符
2025-11-17 11:23:55 [INFO] [api] ✅ 响应端点: /api/summarize-chapters | 状态: 200
2025-11-17 11:23:55 [INFO] [api] 📦 响应数据: {'summary_length': 1806}
2025-11-17 11:23:55 [INFO] [api] ============================================================

2025-11-17 11:27:49 [INFO] [api] ============================================================
2025-11-17 11:27:49 [INFO] [api] 📥 请求端点: /api/summarize-chapters
2025-11-17 11:27:49 [INFO] [api] 📦 请求数据: {'chapter_count': 3, 'chapters': [{'title': '001诡影一', 'length': 3654}, {'title': '002诡影二', 'length': 4017}, {'title': '003危险一', 'length': 3475}]}
2025-11-17 11:27:49 [INFO] [api] ============================================================
2025-11-17 11:27:49 [INFO] [api] 📖 章节 1: 001诡影一 (3654 字符)
2025-11-17 11:27:49 [INFO] [api] 📖 章节 2: 002诡影二 (4017 字符)
2025-11-17 11:27:49 [INFO] [api] 📖 章节 3: 003危险一 (3475 字符)
2025-11-17 11:27:49 [INFO] [api] 🤖 正在为第 1 章生成概括...
2025-11-17 11:28:02 [INFO] [api] 🤖 正在为第 2 章生成概括...
2025-11-17 11:28:19 [INFO] [api] ============================================================
2025-11-17 11:28:19 [INFO] [api] 📥 请求端点: /api/summarize-chapters
2025-11-17 11:28:19 [INFO] [api] 📦 请求数据: {'chapter_count': 3, 'chapters': [{'title': '001诡影一', 'length': 3654}, {'title': '002诡影二', 'length': 4017}, {'title': '003危险一', 'length': 3475}]}
2025-11-17 11:28:19 [INFO] [api] ============================================================
2025-11-17 11:28:19 [INFO] [api] 📖 章节 1: 001诡影一 (3654 字符)
2025-11-17 11:28:19 [INFO] [api] 📖 章节 2: 002诡影二 (4017 字符)
2025-11-17 11:28:19 [INFO] [api] 📖 章节 3: 003危险一 (3475 字符)
2025-11-17 11:28:19 [INFO] [api] 🤖 正在为第 1 章生成概括...
2025-11-17 11:28:32 [INFO] [api] 🤖 正在为第 2 章生成概括...
2025-11-17 11:28:44 [INFO] [api] 🤖 正在为第 3 章生成概括...
2025-11-17 11:29:01 [INFO] [api] ✅ 全部章节概括完成，总长度: 1665 字符
2025-11-17 11:29:01 [INFO] [api] ✅ 响应端点: /api/summarize-chapters | 状态: 200
2025-11-17 11:29:01 [INFO] [api] 📦 响应数据: {'summary_length': 1665}
2025-11-17 11:29:01 [INFO] [api] ============================================================

2025-11-17 11:32:00 [INFO] [api] ============================================================
2025-11-17 11:32:00 [INFO] [api] 📥 请求端点: /api/summarize-chapters
2025-11-17 11:32:00 [INFO] [api] 📦 请求数据: {'chapter_count': 3, 'chapters': [{'title': '001诡影一', 'length': 3654}, {'title': '002诡影二', 'length': 4017}, {'title': '003危险一', 'length': 3475}]}
2025-11-17 11:32:00 [INFO] [api] ============================================================
2025-11-17 11:32:00 [INFO] [api] 📖 章节 1: 001诡影一 (3654 字符)
2025-11-17 11:32:00 [INFO] [api] 📖 章节 2: 002诡影二 (4017 字符)
2025-11-17 11:32:00 [INFO] [api] 📖 章节 3: 003危险一 (3475 字符)
2025-11-17 11:32:00 [INFO] [api] 🤖 正在为第 1 章生成概括...
2025-11-17 11:32:13 [INFO] [api] 🤖 正在为第 2 章生成概括...
2025-11-17 11:32:17 [INFO] [api] ============================================================
2025-11-17 11:32:18 [INFO] [api] 📥 请求端点: /api/summarize-chapters
2025-11-17 11:32:18 [INFO] [api] 📦 请求数据: {'chapter_count': 3, 'chapters': [{'title': '001诡影一', 'length': 3654}, {'title': '002诡影二', 'length': 4017}, {'title': '003危险一', 'length': 3475}]}
2025-11-17 11:32:18 [INFO] [api] ============================================================
2025-11-17 11:32:18 [INFO] [api] 📖 章节 1: 001诡影一 (3654 字符)
2025-11-17 11:32:18 [INFO] [api] 📖 章节 2: 002诡影二 (4017 字符)
2025-11-17 11:32:18 [INFO] [api] 📖 章节 3: 003危险一 (3475 字符)
2025-11-17 11:32:18 [INFO] [api] 🤖 正在为第 1 章生成概括...
2025-11-17 11:32:26 [INFO] [api] 🤖 正在为第 3 章生成概括...
2025-11-17 11:32:33 [INFO] [api] 🤖 正在为第 2 章生成概括...
2025-11-17 11:32:45 [INFO] [api] ✅ 全部章节概括完成，总长度: 1640 字符
2025-11-17 11:32:45 [INFO] [api] ✅ 响应端点: /api/summarize-chapters | 状态: 200
2025-11-17 11:32:45 [INFO] [api] 📦 响应数据: {'summary_length': 1640}
2025-11-17 11:32:45 [INFO] [api] ============================================================

2025-11-17 11:32:48 [INFO] [api] 🤖 正在为第 3 章生成概括...
2025-11-17 11:33:05 [INFO] [api] ✅ 全部章节概括完成，总长度: 1741 字符
2025-11-17 11:33:05 [INFO] [api] ✅ 响应端点: /api/summarize-chapters | 状态: 200
2025-11-17 11:33:05 [INFO] [api] 📦 响应数据: {'summary_length': 1741}
2025-11-17 11:33:05 [INFO] [api] ============================================================

2025-11-17 11:36:43 [INFO] [api] ============================================================
2025-11-17 11:36:43 [INFO] [api] 📥 请求端点: /api/summarize-chapters
2025-11-17 11:36:43 [INFO] [api] 📦 请求数据: {'chapter_count': 3, 'chapters': [{'title': '001诡影一', 'length': 3654}, {'title': '002诡影二', 'length': 4017}, {'title': '003危险一', 'length': 3475}]}
2025-11-17 11:36:43 [INFO] [api] ============================================================
2025-11-17 11:36:43 [INFO] [api] 📖 章节 1: 001诡影一 (3654 字符)
2025-11-17 11:36:43 [INFO] [api] 📖 章节 2: 002诡影二 (4017 字符)
2025-11-17 11:36:43 [INFO] [api] 📖 章节 3: 003危险一 (3475 字符)
2025-11-17 11:36:43 [INFO] [api] 🤖 正在为第 1 章生成概括...
2025-11-17 11:37:00 [INFO] [api] 🤖 正在为第 2 章生成概括...
2025-11-17 11:37:14 [INFO] [api] 🤖 正在为第 3 章生成概括...
2025-11-17 11:37:33 [INFO] [api] ✅ 全部章节概括完成，总长度: 1795 字符
2025-11-17 11:37:33 [INFO] [api] ✅ 响应端点: /api/summarize-chapters | 状态: 200
2025-11-17 11:37:33 [INFO] [api] 📦 响应数据: {'summary_length': 1795}
2025-11-17 11:37:33 [INFO] [api] ============================================================

2025-11-17 11:41:16 [INFO] [api] ============================================================
2025-11-17 11:41:16 [INFO] [api] 📥 请求端点: /api/summarize-chapters
2025-11-17 11:41:16 [INFO] [api] 📦 请求数据: {'chapter_count': 3, 'chapters': [{'title': '001诡影一', 'length': 3654}, {'title': '002诡影二', 'length': 4017}, {'title': '003危险一', 'length': 3475}]}
2025-11-17 11:41:16 [INFO] [api] ============================================================
2025-11-17 11:41:16 [INFO] [api] 📖 章节 1: 001诡影一 (3654 字符)
2025-11-17 11:41:16 [INFO] [api] 📖 章节 2: 002诡影二 (4017 字符)
2025-11-17 11:41:16 [INFO] [api] 📖 章节 3: 003危险一 (3475 字符)
2025-11-17 11:41:16 [INFO] [api] 🤖 正在为第 1 章生成概括...
2025-11-17 11:41:26 [INFO] [api] ============================================================
2025-11-17 11:41:26 [INFO] [api] 📥 请求端点: /api/summarize-chapters
2025-11-17 11:41:26 [INFO] [api] 📦 请求数据: {'chapter_count': 3, 'chapters': [{'title': '001诡影一', 'length': 3654}, {'title': '002诡影二', 'length': 4017}, {'title': '003危险一', 'length': 3475}]}
2025-11-17 11:41:26 [INFO] [api] ============================================================
2025-11-17 11:41:26 [INFO] [api] 📖 章节 1: 001诡影一 (3654 字符)
2025-11-17 11:41:26 [INFO] [api] 📖 章节 2: 002诡影二 (4017 字符)
2025-11-17 11:41:26 [INFO] [api] 📖 章节 3: 003危险一 (3475 字符)
2025-11-17 11:41:26 [INFO] [api] 🤖 正在为第 1 章生成概括...
2025-11-17 11:41:31 [INFO] [api] 🤖 正在为第 2 章生成概括...
2025-11-17 11:41:41 [INFO] [api] 🤖 正在为第 2 章生成概括...
2025-11-17 11:41:45 [INFO] [api] 🤖 正在为第 3 章生成概括...
2025-11-17 11:41:55 [INFO] [api] 🤖 正在为第 3 章生成概括...
2025-11-17 11:42:03 [INFO] [api] ✅ 全部章节概括完成，总长度: 1714 字符
2025-11-17 11:42:03 [INFO] [api] ✅ 响应端点: /api/summarize-chapters | 状态: 200
2025-11-17 11:42:03 [INFO] [api] 📦 响应数据: {'summary_length': 1714}
2025-11-17 11:42:03 [INFO] [api] ============================================================

2025-11-17 11:42:13 [INFO] [api] ✅ 全部章节概括完成，总长度: 1720 字符
2025-11-17 11:42:13 [INFO] [api] ✅ 响应端点: /api/summarize-chapters | 状态: 200
2025-11-17 11:42:13 [INFO] [api] 📦 响应数据: {'summary_length': 1720}
2025-11-17 11:42:13 [INFO] [api] ============================================================

2025-11-17 11:47:58 [INFO] [api] ============================================================
2025-11-17 11:47:58 [INFO] [api] 📥 请求端点: /api/summarize-chapters
2025-11-17 11:47:58 [INFO] [api] 📦 请求数据: {'chapter_count': 3, 'chapters': [{'title': '001诡影一', 'length': 3654}, {'title': '002诡影二', 'length': 4017}, {'title': '003危险一', 'length': 3475}]}
2025-11-17 11:47:58 [INFO] [api] ============================================================
2025-11-17 11:47:58 [INFO] [api] 📖 章节 1: 001诡影一 (3654 字符)
2025-11-17 11:47:58 [INFO] [api] 📖 章节 2: 002诡影二 (4017 字符)
2025-11-17 11:47:58 [INFO] [api] 📖 章节 3: 003危险一 (3475 字符)
2025-11-17 11:47:58 [INFO] [api] 🤖 正在为第 1 章生成概括...
2025-11-17 11:48:07 [INFO] [api] ============================================================
2025-11-17 11:48:07 [INFO] [api] 📥 请求端点: /api/summarize-chapters
2025-11-17 11:48:07 [INFO] [api] 📦 请求数据: {'chapter_count': 3, 'chapters': [{'title': '001诡影一', 'length': 3654}, {'title': '002诡影二', 'length': 4017}, {'title': '003危险一', 'length': 3475}]}
2025-11-17 11:48:07 [INFO] [api] ============================================================
2025-11-17 11:48:07 [INFO] [api] 📖 章节 1: 001诡影一 (3654 字符)
2025-11-17 11:48:07 [INFO] [api] 📖 章节 2: 002诡影二 (4017 字符)
2025-11-17 11:48:07 [INFO] [api] 📖 章节 3: 003危险一 (3475 字符)
2025-11-17 11:48:07 [INFO] [api] 🤖 正在为第 1 章生成概括...
2025-11-17 11:48:18 [INFO] [api] 🤖 正在为第 2 章生成概括...
2025-11-17 11:48:23 [INFO] [api] 🤖 正在为第 2 章生成概括...
2025-11-17 11:48:36 [INFO] [api] 🤖 正在为第 3 章生成概括...
2025-11-17 11:48:40 [INFO] [api] 🤖 正在为第 3 章生成概括...
2025-11-17 11:48:56 [INFO] [api] ✅ 全部章节概括完成，总长度: 1752 字符
2025-11-17 11:48:56 [INFO] [api] ✅ 响应端点: /api/summarize-chapters | 状态: 200
2025-11-17 11:48:56 [INFO] [api] 📦 响应数据: {'summary_length': 1752}
2025-11-17 11:48:56 [INFO] [api] ============================================================

2025-11-17 11:48:59 [INFO] [api] ✅ 全部章节概括完成，总长度: 1861 字符
2025-11-17 11:48:59 [INFO] [api] ✅ 响应端点: /api/summarize-chapters | 状态: 200
2025-11-17 11:48:59 [INFO] [api] 📦 响应数据: {'summary_length': 1861}
2025-11-17 11:48:59 [INFO] [api] ============================================================

2025-11-17 11:54:05 [INFO] [api] ============================================================
2025-11-17 11:54:05 [INFO] [api] 📥 请求端点: /api/summarize-chapters
2025-11-17 11:54:05 [INFO] [api] 📦 请求数据: {'chapter_count': 3, 'chapters': [{'title': '001诡影一', 'length': 3654}, {'title': '002诡影二', 'length': 4017}, {'title': '003危险一', 'length': 3475}]}
2025-11-17 11:54:05 [INFO] [api] ============================================================
2025-11-17 11:54:05 [INFO] [api] 📖 章节 1: 001诡影一 (3654 字符)
2025-11-17 11:54:05 [INFO] [api] 📖 章节 2: 002诡影二 (4017 字符)
2025-11-17 11:54:05 [INFO] [api] 📖 章节 3: 003危险一 (3475 字符)
2025-11-17 11:54:05 [INFO] [api] 🤖 正在为第 1 章生成概括...
2025-11-17 11:54:19 [INFO] [api] 🤖 正在为第 2 章生成概括...
2025-11-17 11:54:25 [INFO] [api] ============================================================
2025-11-17 11:54:25 [INFO] [api] 📥 请求端点: /api/summarize-chapters
2025-11-17 11:54:25 [INFO] [api] 📦 请求数据: {'chapter_count': 3, 'chapters': [{'title': '001诡影一', 'length': 3654}, {'title': '002诡影二', 'length': 4017}, {'title': '003危险一', 'length': 3475}]}
2025-11-17 11:54:25 [INFO] [api] ============================================================
2025-11-17 11:54:25 [INFO] [api] 📖 章节 1: 001诡影一 (3654 字符)
2025-11-17 11:54:25 [INFO] [api] 📖 章节 2: 002诡影二 (4017 字符)
2025-11-17 11:54:25 [INFO] [api] 📖 章节 3: 003危险一 (3475 字符)
2025-11-17 11:54:25 [INFO] [api] 🤖 正在为第 1 章生成概括...
2025-11-17 11:54:34 [INFO] [api] 🤖 正在为第 3 章生成概括...
2025-11-17 11:54:43 [INFO] [api] 🤖 正在为第 2 章生成概括...
2025-11-17 11:54:48 [INFO] [api] ✅ 全部章节概括完成，总长度: 1547 字符
2025-11-17 11:54:48 [INFO] [api] ✅ 响应端点: /api/summarize-chapters | 状态: 200
2025-11-17 11:54:48 [INFO] [api] 📦 响应数据: {'summary_length': 1547}
2025-11-17 11:54:48 [INFO] [api] ============================================================

2025-11-17 11:54:57 [INFO] [api] 🤖 正在为第 3 章生成概括...
2025-11-17 11:55:18 [INFO] [api] ✅ 全部章节概括完成，总长度: 1874 字符
2025-11-17 11:55:18 [INFO] [api] ✅ 响应端点: /api/summarize-chapters | 状态: 200
2025-11-17 11:55:18 [INFO] [api] 📦 响应数据: {'summary_length': 1874}
2025-11-17 11:55:18 [INFO] [api] ============================================================

2025-11-17 12:32:13 [INFO] [api] ============================================================
2025-11-17 12:32:13 [INFO] [api] 📥 请求端点: /api/summarize-chapters
2025-11-17 12:32:13 [INFO] [api] 📦 请求数据: {'chapter_count': 3, 'chapters': [{'title': '001诡影一', 'length': 3654}, {'title': '002诡影二', 'length': 4017}, {'title': '003危险一', 'length': 3475}]}
2025-11-17 12:32:13 [INFO] [api] ============================================================
2025-11-17 12:32:13 [INFO] [api] 📖 章节 1: 001诡影一 (3654 字符)
2025-11-17 12:32:13 [INFO] [api] 📖 章节 2: 002诡影二 (4017 字符)
2025-11-17 12:32:13 [INFO] [api] 📖 章节 3: 003危险一 (3475 字符)
2025-11-17 12:32:13 [INFO] [api] 🤖 正在为第 1 章生成概括...
2025-11-17 12:32:27 [INFO] [api] 🤖 正在为第 2 章生成概括...
2025-11-17 12:32:41 [INFO] [api] 🤖 正在为第 3 章生成概括...
2025-11-17 12:32:58 [INFO] [api] ✅ 全部章节概括完成，总长度: 1665 字符
2025-11-17 12:32:58 [INFO] [api] ✅ 响应端点: /api/summarize-chapters | 状态: 200
2025-11-17 12:32:58 [INFO] [api] 📦 响应数据: {'summary_length': 1665}
2025-11-17 12:32:58 [INFO] [api] ============================================================

2025-11-17 12:38:54 [INFO] [api] ============================================================
2025-11-17 12:38:54 [INFO] [api] 📥 请求端点: /api/generate-with-analysis
2025-11-17 12:38:54 [INFO] [api] 📦 请求数据: {'prompt_length': 591, 'context_length': 1625, 'has_file_id': True}
2025-11-17 12:38:54 [INFO] [api] ============================================================
2025-11-17 12:38:54 [INFO] [api] 📝 收到生成请求
2025-11-17 12:38:54 [INFO] [api] 📄 提示词长度: 591 字符
2025-11-17 12:38:54 [INFO] [api] 📦 上下文长度: 1625 字符
2025-11-17 12:38:54 [INFO] [api] 💬 提示词前100字: 根据上面的章节剧情，我们来重新设计1到3章的剧情，也是按照每一章节给出，每章节约500字。



剧情设计必须遵守的准则
1 剧情要严格保留原有的故事线和人物线，只在后续的剧情设计思路中进行变更。
意...
2025-11-17 12:38:54 [INFO] [api] 🤔 正在分析用户意图...
2025-11-17 12:38:56 [INFO] [api] ✅ 意图识别结果: plot_design
2025-11-17 12:38:56 [INFO] [api] 📚 创建上下文管理器 (意图: plot_design)
2025-11-17 12:38:56 [INFO] [api] 📝 上下文设置完成
2025-11-17 12:38:56 [INFO] [api] 🤖 开始生成内容 (意图: plot_design)
2025-11-17 12:39:41 [INFO] [api] ✅ 内容生成完成，长度: 1806 字符
2025-11-17 18:10:46 [INFO] [api] ============================================================
2025-11-17 18:10:46 [INFO] [api] 📥 请求端点: /api/summarize-chapters
2025-11-17 18:10:46 [INFO] [api] 📦 请求数据: {'chapter_count': 3, 'chapters': [{'title': '001诡影一', 'length': 3654}, {'title': '002诡影二', 'length': 4017}, {'title': '003危险一', 'length': 3475}]}
2025-11-17 18:10:46 [INFO] [api] ============================================================
2025-11-17 18:10:46 [INFO] [api] 📖 章节 1: 001诡影一 (3654 字符)
2025-11-17 18:10:46 [INFO] [api] 📖 章节 2: 002诡影二 (4017 字符)
2025-11-17 18:10:46 [INFO] [api] 📖 章节 3: 003危险一 (3475 字符)
2025-11-17 18:10:46 [INFO] [api] 🤖 正在为第 1 章生成概括...
2025-11-17 18:11:00 [INFO] [api] 🤖 正在为第 2 章生成概括...
2025-11-17 18:11:13 [INFO] [api] 🤖 正在为第 3 章生成概括...
2025-11-17 18:11:30 [INFO] [api] ✅ 全部章节概括完成，总长度: 1629 字符
2025-11-17 18:11:30 [INFO] [api] ✅ 响应端点: /api/summarize-chapters | 状态: 200
2025-11-17 18:11:30 [INFO] [api] 📦 响应数据: {'summary_length': 1629}
2025-11-17 18:11:30 [INFO] [api] ============================================================

2025-11-18 10:45:45 [INFO] [api] ============================================================
2025-11-18 10:45:45 [INFO] [api] 📥 请求端点: /api/summarize-chapters
2025-11-18 10:45:45 [INFO] [api] 📦 请求数据: {'chapter_count': 3, 'chapters': [{'title': '001诡影一', 'length': 3654}, {'title': '002诡影二', 'length': 4017}, {'title': '003危险一', 'length': 3475}]}
2025-11-18 10:45:45 [INFO] [api] ============================================================
2025-11-18 10:45:45 [INFO] [api] 📖 章节 1: 001诡影一 (3654 字符)
2025-11-18 10:45:45 [INFO] [api] 📖 章节 2: 002诡影二 (4017 字符)
2025-11-18 10:45:45 [INFO] [api] 📖 章节 3: 003危险一 (3475 字符)
2025-11-18 10:45:45 [INFO] [api] 🤖 正在为第 1 章生成概括...
2025-11-18 10:46:04 [INFO] [api] 🤖 正在为第 2 章生成概括...
2025-11-18 10:46:21 [INFO] [api] 🤖 正在为第 3 章生成概括...
2025-11-18 10:46:41 [INFO] [api] ✅ 全部章节概括完成，总长度: 1604 字符
2025-11-18 10:46:41 [INFO] [api] ✅ 响应端点: /api/summarize-chapters | 状态: 200
2025-11-18 10:46:41 [INFO] [api] 📦 响应数据: {'summary_length': 1604}
2025-11-18 10:46:41 [INFO] [api] ============================================================

2025-11-18 10:48:46 [INFO] [api] ============================================================
2025-11-18 10:48:46 [INFO] [api] 📥 请求端点: /api/generate-with-analysis
2025-11-18 10:48:46 [INFO] [api] 📦 请求数据: {'prompt_length': 587, 'context_length': 1564, 'has_file_id': True}
2025-11-18 10:48:46 [INFO] [api] ============================================================
2025-11-18 10:48:46 [INFO] [api] 📝 收到生成请求
2025-11-18 10:48:46 [INFO] [api] 📄 提示词长度: 587 字符
2025-11-18 10:48:46 [INFO] [api] 📦 上下文长度: 1564 字符
2025-11-18 10:48:46 [INFO] [api] 💬 提示词前100字: 根据上面的章节剧情，我们来重新设计1到3章的剧情，也是按照每一章节给出，每章节约500字。



剧情设计必须遵守的准则
1 剧情要严格保留原有的故事线和人物线，只在后续的剧情设计思路中进行变更。
意...
2025-11-18 10:48:46 [INFO] [api] 🤔 正在分析用户意图...
2025-11-18 10:48:49 [INFO] [api] ✅ 意图识别结果: plot_design
2025-11-18 10:48:49 [INFO] [api] 📚 创建上下文管理器 (意图: plot_design)
2025-11-18 10:48:49 [INFO] [api] 📝 上下文设置完成
2025-11-18 10:48:49 [INFO] [api] 🤖 开始生成内容 (意图: plot_design)
2025-11-18 10:49:34 [INFO] [api] ✅ 内容生成完成，长度: 1547 字符
2025-11-18 10:52:17 [INFO] [api] ============================================================
2025-11-18 10:52:17 [INFO] [api] 📥 请求端点: /api/generate-with-analysis
2025-11-18 10:52:17 [INFO] [api] 📦 请求数据: {'prompt_length': 609, 'context_length': 1564, 'has_file_id': True}
2025-11-18 10:52:17 [INFO] [api] ============================================================
2025-11-18 10:52:17 [INFO] [api] 📝 收到生成请求
2025-11-18 10:52:17 [INFO] [api] 📄 提示词长度: 609 字符
2025-11-18 10:52:17 [INFO] [api] 📦 上下文长度: 1564 字符
2025-11-18 10:52:17 [INFO] [api] 💬 提示词前100字: 根据上面的章节剧情，我们来重新设计1到3章的剧情，也是按照每一章节给出，每章节约500字。



剧情设计必须遵守的准则
1 剧情要严格保留原有的故事线和人物线，只在后续的剧情设计思路中进行变更。
1...
2025-11-18 10:52:17 [INFO] [api] 🤔 正在分析用户意图...
2025-11-18 10:52:22 [INFO] [api] ✅ 意图识别结果: plot_design
2025-11-18 10:52:22 [INFO] [api] 📚 创建上下文管理器 (意图: plot_design)
2025-11-18 10:52:22 [INFO] [api] 📝 上下文设置完成
2025-11-18 10:52:22 [INFO] [api] 🤖 开始生成内容 (意图: plot_design)
2025-11-18 10:52:57 [INFO] [api] ✅ 内容生成完成，长度: 1368 字符
2025-11-18 10:57:09 [INFO] [api] ============================================================
2025-11-18 10:57:09 [INFO] [api] 📥 请求端点: /api/generate-with-analysis
2025-11-18 10:57:09 [INFO] [api] 📦 请求数据: {'prompt_length': 621, 'context_length': 1564, 'has_file_id': True}
2025-11-18 10:57:09 [INFO] [api] ============================================================
2025-11-18 10:57:09 [INFO] [api] 📝 收到生成请求
2025-11-18 10:57:09 [INFO] [api] 📄 提示词长度: 621 字符
2025-11-18 10:57:09 [INFO] [api] 📦 上下文长度: 1564 字符
2025-11-18 10:57:09 [INFO] [api] 💬 提示词前100字: 根据上面的章节剧情，我们来重新设计1到3章的剧情，也是按照每一章节给出，每章节约500字。



剧情设计必须遵守的准则
1 剧情要严格保留原有的故事线和人物线，只在后续的剧情设计思路中进行变更。
1...
2025-11-18 10:57:09 [INFO] [api] 🤔 正在分析用户意图...
2025-11-18 10:57:10 [INFO] [api] ✅ 意图识别结果: plot_design
2025-11-18 10:57:10 [INFO] [api] 📚 创建上下文管理器 (意图: plot_design)
2025-11-18 10:57:10 [INFO] [api] 📝 上下文设置完成
2025-11-18 10:57:10 [INFO] [api] 🤖 开始生成内容 (意图: plot_design)
2025-11-18 10:57:46 [INFO] [api] ✅ 内容生成完成，长度: 1406 字符
2025-11-18 10:58:47 [INFO] [api] ============================================================
2025-11-18 10:58:47 [INFO] [api] 📥 请求端点: /api/generate-with-analysis
2025-11-18 10:58:47 [INFO] [api] 📦 请求数据: {'prompt_length': 621, 'context_length': 1564, 'has_file_id': True}
2025-11-18 10:58:47 [INFO] [api] ============================================================
2025-11-18 10:58:47 [INFO] [api] 📝 收到生成请求
2025-11-18 10:58:47 [INFO] [api] 📄 提示词长度: 621 字符
2025-11-18 10:58:47 [INFO] [api] 📦 上下文长度: 1564 字符
2025-11-18 10:58:47 [INFO] [api] 💬 提示词前100字: 根据上面的章节剧情，我们来重新设计1到3章的剧情，也是按照每一章节给出，每章节约500字。



剧情设计必须遵守的准则
1 剧情要严格保留原有的故事线和人物线，只在后续的剧情设计思路中进行变更。
1...
2025-11-18 10:58:47 [INFO] [api] 🤔 正在分析用户意图...
2025-11-18 10:58:48 [INFO] [api] ✅ 意图识别结果: plot_design
2025-11-18 10:58:48 [INFO] [api] 📚 创建上下文管理器 (意图: plot_design)
2025-11-18 10:58:48 [INFO] [api] 📝 上下文设置完成
2025-11-18 10:58:48 [INFO] [api] 🤖 开始生成内容 (意图: plot_design)
2025-11-18 10:59:21 [INFO] [api] ✅ 内容生成完成，长度: 1337 字符
2025-11-18 11:01:31 [INFO] [api] ============================================================
2025-11-18 11:01:31 [INFO] [api] 📥 请求端点: /api/generate-with-analysis
2025-11-18 11:01:31 [INFO] [api] 📦 请求数据: {'prompt_length': 626, 'context_length': 1564, 'has_file_id': True}
2025-11-18 11:01:31 [INFO] [api] ============================================================
2025-11-18 11:01:31 [INFO] [api] 📝 收到生成请求
2025-11-18 11:01:31 [INFO] [api] 📄 提示词长度: 626 字符
2025-11-18 11:01:31 [INFO] [api] 📦 上下文长度: 1564 字符
2025-11-18 11:01:31 [INFO] [api] 💬 提示词前100字: 根据上面的章节剧情，我们来重新设计1到3章的剧情，也是按照每一章节给出，每章节约500字。



剧情设计必须遵守的准则
1 剧情要严格保留原有的故事线和人物线，只在后续的剧情设计思路中进行变更。
1...
2025-11-18 11:01:31 [INFO] [api] 🤔 正在分析用户意图...
2025-11-18 11:01:32 [INFO] [api] ✅ 意图识别结果: plot_design
2025-11-18 11:01:32 [INFO] [api] 📚 创建上下文管理器 (意图: plot_design)
2025-11-18 11:01:32 [INFO] [api] 📝 上下文设置完成
2025-11-18 11:01:32 [INFO] [api] 🤖 开始生成内容 (意图: plot_design)
2025-11-18 11:02:17 [INFO] [api] ✅ 内容生成完成，长度: 1744 字符
2025-11-18 11:24:38 [INFO] [api] ============================================================
2025-11-18 11:24:38 [INFO] [api] 📥 请求端点: /api/generate-with-analysis
2025-11-18 11:24:38 [INFO] [api] 📦 请求数据: {'prompt_length': 612, 'context_length': 1564, 'has_file_id': True}
2025-11-18 11:24:38 [INFO] [api] ============================================================
2025-11-18 11:24:38 [INFO] [api] 📝 收到生成请求
2025-11-18 11:24:38 [INFO] [api] 📄 提示词长度: 612 字符
2025-11-18 11:24:38 [INFO] [api] 📦 上下文长度: 1564 字符
2025-11-18 11:24:38 [INFO] [api] 💬 提示词前100字: 根据上面的章节剧情，我们来重新设计1到3章的剧情，也是按照每一章节给出，每章节约500字。



剧情设计必须遵守的准则
1 剧情要严格保留原有的故事线和人物线，只在后续的剧情设计思路中进行变更。
1...
2025-11-18 11:24:38 [INFO] [api] 🤔 正在分析用户意图...
2025-11-18 11:24:42 [INFO] [api] ✅ 意图识别结果: plot_design
2025-11-18 11:24:42 [INFO] [api] 📚 创建上下文管理器 (意图: plot_design)
2025-11-18 11:24:42 [INFO] [api] 📝 上下文设置完成
2025-11-18 11:24:42 [INFO] [api] 🤖 开始生成内容 (意图: plot_design)
2025-11-18 11:25:24 [INFO] [api] ✅ 内容生成完成，长度: 1703 字符
2025-11-18 11:38:10 [INFO] [api] ============================================================
2025-11-18 11:38:10 [INFO] [api] 📥 请求端点: /api/generate-with-analysis
2025-11-18 11:38:10 [INFO] [api] 📦 请求数据: {'prompt_length': 612, 'context_length': 1564, 'has_file_id': True}
2025-11-18 11:38:11 [INFO] [api] ============================================================
2025-11-18 11:38:11 [INFO] [api] 📝 收到生成请求
2025-11-18 11:38:11 [INFO] [api] 📄 提示词长度: 612 字符
2025-11-18 11:38:11 [INFO] [api] 📦 上下文长度: 1564 字符
2025-11-18 11:38:11 [INFO] [api] 💬 提示词前100字: 根据上面的章节剧情，我们来重新设计1到3章的剧情，也是按照每一章节给出，每章节约500字。



剧情设计必须遵守的准则
1 剧情要严格保留原有的故事线和人物线，只在后续的剧情设计思路中进行变更。
1...
2025-11-18 11:38:11 [INFO] [api] 🤔 正在分析用户意图...
2025-11-18 11:38:13 [INFO] [api] ✅ 意图识别结果: plot_design
2025-11-18 11:38:13 [INFO] [api] 📚 创建上下文管理器 (意图: plot_design)
2025-11-18 11:38:13 [INFO] [api] 📝 上下文设置完成
2025-11-18 11:38:13 [INFO] [api] 🤖 开始生成内容 (意图: plot_design)
2025-11-18 11:39:00 [INFO] [api] ✅ 内容生成完成，长度: 1791 字符
2025-11-18 12:05:40 [INFO] [api] ============================================================
2025-11-18 12:05:40 [INFO] [api] 📥 请求端点: /api/generate-with-analysis
2025-11-18 12:05:40 [INFO] [api] 📦 请求数据: {'prompt_length': 612, 'context_length': 1564, 'has_file_id': True}
2025-11-18 12:05:40 [INFO] [api] ============================================================
2025-11-18 12:05:40 [INFO] [api] 📝 收到生成请求
2025-11-18 12:05:40 [INFO] [api] 📄 提示词长度: 612 字符
2025-11-18 12:05:40 [INFO] [api] 📦 上下文长度: 1564 字符
2025-11-18 12:05:40 [INFO] [api] 💬 提示词前100字: 根据上面的章节剧情，我们来重新设计1到3章的剧情，也是按照每一章节给出，每章节约500字。



剧情设计必须遵守的准则
1 剧情要严格保留原有的故事线和人物线，只在后续的剧情设计思路中进行变更。
1...
2025-11-18 12:05:40 [INFO] [api] 🤔 正在分析用户意图...
2025-11-18 12:05:43 [INFO] [api] ✅ 意图识别结果: plot_design
2025-11-18 12:05:43 [INFO] [api] 📚 创建上下文管理器 (意图: plot_design)
2025-11-18 12:05:43 [INFO] [api] 📝 上下文设置完成
2025-11-18 12:05:43 [INFO] [api] 🤖 开始生成内容 (意图: plot_design)
2025-11-18 12:06:21 [INFO] [api] ✅ 内容生成完成，长度: 1475 字符
2025-11-18 12:38:55 [INFO] [api] ============================================================
2025-11-18 12:38:55 [INFO] [api] 📥 请求端点: /api/generate-with-analysis
2025-11-18 12:38:55 [INFO] [api] 📦 请求数据: {'prompt_length': 2, 'context_length': 11205, 'has_file_id': True}
2025-11-18 12:38:55 [INFO] [api] ============================================================
2025-11-18 12:38:55 [INFO] [api] 📝 收到生成请求
2025-11-18 12:38:55 [INFO] [api] 📄 提示词长度: 2 字符
2025-11-18 12:38:55 [INFO] [api] 📦 上下文长度: 11205 字符
2025-11-18 12:38:55 [INFO] [api] 💬 提示词前100字: 你好...
2025-11-18 12:38:55 [INFO] [api] 🤔 正在分析用户意图...
2025-11-18 12:38:57 [INFO] [api] ✅ 意图识别结果: chat
2025-11-18 12:38:57 [INFO] [api] 💬 识别为普通对话，调用闲聊功能
2025-11-18 12:39:00 [INFO] [api] ✅ 对话生成完成，长度: 23 字符
2025-11-18 12:39:00 [INFO] [api] ✅ 响应端点: /api/generate-with-analysis | 状态: 200
2025-11-18 12:39:00 [INFO] [api] 📦 响应数据: {'is_chat': True, 'response_length': 23}
2025-11-18 12:39:00 [INFO] [api] ============================================================

2025-11-18 12:39:26 [INFO] [api] ============================================================
2025-11-18 12:39:26 [INFO] [api] 📥 请求端点: /api/generate-with-analysis
2025-11-18 12:39:26 [INFO] [api] 📦 请求数据: {'prompt_length': 612, 'context_length': 1564, 'has_file_id': True}
2025-11-18 12:39:26 [INFO] [api] ============================================================
2025-11-18 12:39:26 [INFO] [api] 📝 收到生成请求
2025-11-18 12:39:26 [INFO] [api] 📄 提示词长度: 612 字符
2025-11-18 12:39:26 [INFO] [api] 📦 上下文长度: 1564 字符
2025-11-18 12:39:26 [INFO] [api] 💬 提示词前100字: 根据上面的章节剧情，我们来重新设计1到3章的剧情，也是按照每一章节给出，每章节约500字。



剧情设计必须遵守的准则
1 剧情要严格保留原有的故事线和人物线，只在后续的剧情设计思路中进行变更。
1...
2025-11-18 12:39:26 [INFO] [api] 🤔 正在分析用户意图...
2025-11-18 12:39:28 [INFO] [api] ✅ 意图识别结果: plot_design
2025-11-18 12:39:28 [INFO] [api] 📚 创建上下文管理器 (意图: plot_design)
2025-11-18 12:39:28 [INFO] [api] 📝 上下文设置完成
2025-11-18 12:39:28 [INFO] [api] 🤖 开始生成内容 (意图: plot_design)
2025-11-18 12:40:02 [INFO] [api] ✅ 内容生成完成，长度: 1385 字符
2025-11-18 13:14:48 [INFO] [api] ============================================================
2025-11-18 13:14:48 [INFO] [api] 📥 请求端点: /api/generate-with-analysis
2025-11-18 13:14:48 [INFO] [api] 📦 请求数据: {'prompt_length': 2, 'context_length': 11205, 'has_file_id': True}
2025-11-18 13:14:48 [INFO] [api] ============================================================
2025-11-18 13:14:48 [INFO] [api] 📝 收到生成请求
2025-11-18 13:14:48 [INFO] [api] 📄 提示词长度: 2 字符
2025-11-18 13:14:48 [INFO] [api] 📦 上下文长度: 11205 字符
2025-11-18 13:14:48 [INFO] [api] 💬 提示词前100字: 你好...
2025-11-18 13:14:48 [INFO] [api] 🤔 正在分析用户意图...
2025-11-18 13:14:50 [INFO] [api] ✅ 意图识别结果: chat
2025-11-18 13:14:50 [INFO] [api] 💬 识别为普通对话，调用闲聊功能
2025-11-18 13:14:53 [INFO] [api] ✅ 对话生成完成，长度: 22 字符
2025-11-18 13:14:53 [INFO] [api] ✅ 响应端点: /api/generate-with-analysis | 状态: 200
2025-11-18 13:14:53 [INFO] [api] 📦 响应数据: {'is_chat': True, 'response_length': 22}
2025-11-18 13:14:53 [INFO] [api] ============================================================

2025-11-18 18:03:46 [INFO] [api] ============================================================
2025-11-18 18:03:46 [INFO] [api] 📥 请求端点: /api/summarize-chapters
2025-11-18 18:03:46 [INFO] [api] 📦 请求数据: {'chapter_count': 3, 'chapters': [{'title': '001诡影一', 'length': 3654}, {'title': '002诡影二', 'length': 4017}, {'title': '003危险一', 'length': 3475}]}
2025-11-18 18:03:46 [INFO] [api] ============================================================
2025-11-18 18:03:46 [INFO] [api] 📖 章节 1: 001诡影一 (3654 字符)
2025-11-18 18:03:46 [INFO] [api] 📖 章节 2: 002诡影二 (4017 字符)
2025-11-18 18:03:46 [INFO] [api] 📖 章节 3: 003危险一 (3475 字符)
2025-11-18 18:03:46 [INFO] [api] 🤖 正在为第 1 章生成概括...
2025-11-18 18:04:01 [INFO] [api] 🤖 正在为第 2 章生成概括...
2025-11-18 18:04:15 [INFO] [api] 🤖 正在为第 3 章生成概括...
2025-11-18 18:04:34 [INFO] [api] ✅ 全部章节概括完成，总长度: 1736 字符
2025-11-18 18:04:34 [INFO] [api] ✅ 响应端点: /api/summarize-chapters | 状态: 200
2025-11-18 18:04:34 [INFO] [api] 📦 响应数据: {'summary_length': 1736}
2025-11-18 18:04:34 [INFO] [api] ============================================================

